This file contains any messages produced by compilers while
running configure, to aid debugging if configure makes a mistake.

It was created by zeromq configure 3.2.3, which was
generated by GNU Autoconf 2.69.  Invocation command line was

  $ ./configure --prefix=/ CC=clang LDFLAGS=-stdlib=libc++ CXX=c++ CXXFLAGS=-O3 -stdlib=libc++ -std=c++11 --no-create --no-recursion

## --------- ##
## Platform. ##
## --------- ##

hostname = Christophers-MacBook-Pro.local
uname -m = x86_64
uname -r = 12.4.0
uname -s = Darwin
uname -v = Darwin Kernel Version 12.4.0: Wed May  1 17:57:12 PDT 2013; root:xnu-2050.24.15~1/RELEASE_X86_64

/usr/bin/uname -p = i386
/bin/uname -X     = unknown

/bin/arch              = unknown
/usr/bin/arch -k       = unknown
/usr/convex/getsysinfo = unknown
/usr/bin/hostinfo      = Mach kernel version:
	 Darwin Kernel Version 12.4.0: Wed May  1 17:57:12 PDT 2013; root:xnu-2050.24.15~1/RELEASE_X86_64
Kernel configured for up to 8 processors.
4 processors are physically available.
8 processors are logically available.
Processor type: i486 (Intel 80486)
Processors active: 0 1 2 3 4 5 6 7
Primary memory available: 8.00 gigabytes
Default processor set: 130 tasks, 607 threads, 8 processors
Load average: 1.55, Mach factor: 6.44
/bin/machine           = unknown
/usr/bin/oslevel       = unknown
/bin/universe          = unknown

PATH: /opt/local/bin
PATH: /opt/local/sbin
PATH: /opt/local/libexec/ccache
PATH: /Users/chris/bin
PATH: /opt/local/lib/postgresql92/bin
PATH: /usr/bin
PATH: /bin
PATH: /usr/sbin
PATH: /sbin
PATH: /usr/local/bin
PATH: /opt/X11/bin
PATH: /usr/local/git/bin
PATH: /usr/local/go/bin
PATH: /opt/cuda/bin
PATH: /usr/local/go/bin
PATH: /usr/local/repobuild
PATH: /Users/chris/src/go/bin


## ----------- ##
## Core tests. ##
## ----------- ##

configure:2759: checking for a BSD-compatible install
configure:2827: result: /usr/bin/install -c
configure:2838: checking whether build environment is sane
configure:2888: result: yes
configure:3029: checking for a thread-safe mkdir -p
configure:3068: result: config/install-sh -c -d
configure:3081: checking for gawk
configure:3111: result: no
configure:3081: checking for mawk
configure:3111: result: no
configure:3081: checking for nawk
configure:3111: result: no
configure:3081: checking for awk
configure:3097: found /usr/bin/awk
configure:3108: result: awk
configure:3119: checking whether make sets $(MAKE)
configure:3141: result: yes
configure:3216: checking how to create a ustar tar archive
configure:3229: tar --version
bsdtar 2.8.3 - libarchive 2.8.3
configure:3232: $? = 0
configure:3272: tardir=conftest.dir && eval tar --format=ustar -chf - "$tardir" >conftest.tar
configure:3275: $? = 0
configure:3279: tar -xf - <conftest.tar
configure:3282: $? = 0
configure:3295: result: gnutar
configure:3313: checking whether make supports nested variables
configure:3330: result: yes
configure:3416: checking for gcc
configure:3443: result: clang
configure:3672: checking for C compiler version
configure:3681: clang --version >&5
Apple LLVM version 4.2 (clang-425.0.28) (based on LLVM 3.2svn)
Target: x86_64-apple-darwin12.4.0
Thread model: posix
configure:3692: $? = 0
configure:3681: clang -v >&5
Apple LLVM version 4.2 (clang-425.0.28) (based on LLVM 3.2svn)
Target: x86_64-apple-darwin12.4.0
Thread model: posix
configure:3692: $? = 0
configure:3681: clang -V >&5
clang: error: argument to '-V' is missing (expected 1 value)
clang: error: no input files
configure:3692: $? = 1
configure:3681: clang -qversion >&5
clang: error: no input files
configure:3692: $? = 1
configure:3712: checking whether the C compiler works
configure:3734: clang   -stdlib=libc++ conftest.c  >&5
configure:3738: $? = 0
configure:3786: result: yes
configure:3789: checking for C compiler default output file name
configure:3791: result: a.out
configure:3797: checking for suffix of executables
configure:3804: clang -o conftest   -stdlib=libc++ conftest.c  >&5
configure:3808: $? = 0
configure:3830: result: 
configure:3852: checking whether we are cross compiling
configure:3860: clang -o conftest   -stdlib=libc++ conftest.c  >&5
configure:3864: $? = 0
configure:3871: ./conftest
configure:3875: $? = 0
configure:3890: result: no
configure:3895: checking for suffix of object files
configure:3917: clang -c   conftest.c >&5
configure:3921: $? = 0
configure:3942: result: o
configure:3946: checking whether we are using the GNU C compiler
configure:3965: clang -c   conftest.c >&5
configure:3965: $? = 0
configure:3974: result: yes
configure:3983: checking whether clang accepts -g
configure:4003: clang -c -g  conftest.c >&5
configure:4003: $? = 0
configure:4044: result: yes
configure:4061: checking for clang option to accept ISO C89
configure:4124: clang  -c -g -O2  conftest.c >&5
configure:4124: $? = 0
configure:4137: result: none needed
configure:4168: checking for style of include used by make
configure:4196: result: GNU
configure:4222: checking dependency style of clang
configure:4333: result: gcc3
configure:4348: checking for clang option to accept ISO C99
configure:4497: clang  -c -g -O2  conftest.c >&5
configure:4497: $? = 0
configure:4510: result: none needed
configure:4637: checking for C++ compiler version
configure:4646: c++ --version >&5
Apple LLVM version 4.2 (clang-425.0.28) (based on LLVM 3.2svn)
Target: x86_64-apple-darwin12.4.0
Thread model: posix
configure:4657: $? = 0
configure:4646: c++ -v >&5
Apple LLVM version 4.2 (clang-425.0.28) (based on LLVM 3.2svn)
Target: x86_64-apple-darwin12.4.0
Thread model: posix
configure:4657: $? = 0
configure:4646: c++ -V >&5
clang: error: argument to '-V' is missing (expected 1 value)
clang: error: no input files
configure:4657: $? = 1
configure:4646: c++ -qversion >&5
clang: error: no input files
configure:4657: $? = 1
configure:4661: checking whether we are using the GNU C++ compiler
configure:4680: c++ -c -O3 -stdlib=libc++ -std=c++11  conftest.cpp >&5
configure:4680: $? = 0
configure:4689: result: yes
configure:4698: checking whether c++ accepts -g
configure:4718: c++ -c -g  conftest.cpp >&5
configure:4718: $? = 0
configure:4759: result: yes
configure:4784: checking dependency style of c++
configure:4895: result: gcc3
configure:4911: checking whether clang and cc understand -c and -o together
configure:4942: clang -c conftest.c -o conftest2.o >&5
configure:4946: $? = 0
configure:4952: clang -c conftest.c -o conftest2.o >&5
configure:4956: $? = 0
configure:4967: cc -c conftest.c >&5
configure:4971: $? = 0
configure:4979: cc -c conftest.c -o conftest2.o >&5
configure:4983: $? = 0
configure:4989: cc -c conftest.c -o conftest2.o >&5
configure:4993: $? = 0
configure:5011: result: yes
configure:5036: checking for a sed that does not truncate output
configure:5100: result: /usr/bin/sed
configure:5109: checking for gawk
configure:5136: result: awk
configure:5152: checking for xmlto
configure:5185: result: no
configure:5193: checking for asciidoc
configure:5226: result: no
configure:5235: checking build system type
configure:5249: result: x86_64-apple-darwin12.4.0
configure:5269: checking host system type
configure:5282: result: x86_64-apple-darwin12.4.0
configure:5723: checking how to print strings
configure:5750: result: printf
configure:5771: checking for a sed that does not truncate output
configure:5835: result: /usr/bin/sed
configure:5853: checking for grep that handles long lines and -e
configure:5911: result: /usr/bin/grep
configure:5916: checking for egrep
configure:5978: result: /usr/bin/grep -E
configure:5983: checking for fgrep
configure:6045: result: /usr/bin/grep -F
configure:6080: checking for ld used by clang
configure:6147: result: /usr/bin/ld
configure:6154: checking if the linker (/usr/bin/ld) is GNU ld
configure:6169: result: no
configure:6181: checking for BSD- or MS-compatible name lister (nm)
configure:6230: result: /usr/bin/nm
configure:6360: checking the name lister (/usr/bin/nm) interface
configure:6367: clang -c -g -O2  conftest.c >&5
configure:6370: /usr/bin/nm "conftest.o"
configure:6373: output
0000000000000214 S _some_variable
configure:6380: result: BSD nm
configure:6383: checking whether ln -s works
configure:6387: result: yes
configure:6395: checking the maximum length of command line arguments
configure:6525: result: 196608
configure:6542: checking whether the shell understands some XSI constructs
configure:6552: result: yes
configure:6556: checking whether the shell understands "+="
configure:6562: result: yes
configure:6597: checking how to convert x86_64-apple-darwin12.4.0 file names to x86_64-apple-darwin12.4.0 format
configure:6637: result: func_convert_file_noop
configure:6644: checking how to convert x86_64-apple-darwin12.4.0 file names to toolchain format
configure:6664: result: func_convert_file_noop
configure:6671: checking for /usr/bin/ld option to reload object files
configure:6678: result: -r
configure:6752: checking for objdump
configure:6779: result: objdump
configure:6808: checking how to recognize dependent libraries
configure:7010: result: pass_all
configure:7095: checking for dlltool
configure:7122: result: dlltool
configure:7152: checking how to associate runtime and link libraries
configure:7179: result: printf %s\n
configure:7240: checking for ar
configure:7256: found /usr/bin/ar
configure:7267: result: ar
configure:7304: checking for archiver @FILE support
configure:7321: clang -c -g -O2  conftest.c >&5
configure:7321: $? = 0
configure:7324: ar cru libconftest.a @conftest.lst >&5
ar: @conftest.lst: No such file or directory
configure:7327: $? = 1
configure:7347: result: no
configure:7405: checking for strip
configure:7421: found /usr/bin/strip
configure:7432: result: strip
configure:7504: checking for ranlib
configure:7520: found /usr/bin/ranlib
configure:7531: result: ranlib
configure:7633: checking command to parse /usr/bin/nm output from clang object
configure:7753: clang -c -g -O2  conftest.c >&5
configure:7756: $? = 0
configure:7760: /usr/bin/nm conftest.o \| sed -n -e 's/^.*[ ]\([BCDEGRST][BCDEGRST]*\)[ ][ ]*\([_A-Za-z][_A-Za-z0-9]*\)$/\1 \2 \2/p' | sed '/ __gnu_lto/d' \> conftest.nm
configure:7763: $? = 0
cannot find nm_test_var in conftest.nm
configure:7753: clang -c -g -O2  conftest.c >&5
configure:7756: $? = 0
configure:7760: /usr/bin/nm conftest.o \| sed -n -e 's/^.*[ ]\([BCDEGRST][BCDEGRST]*\)[ ][ ]*_\([_A-Za-z][_A-Za-z0-9]*\)$/\1 _\2 \2/p' | sed '/ __gnu_lto/d' \> conftest.nm
configure:7763: $? = 0
configure:7829: clang -o conftest -g -O2  -stdlib=libc++ conftest.c conftstm.o >&5
configure:7832: $? = 0
configure:7870: result: ok
configure:7907: checking for sysroot
configure:7937: result: no
configure:8193: checking for mt
configure:8223: result: no
configure:8243: checking if : is a manifest tool
configure:8249: : '-?'
configure:8257: result: no
configure:8313: checking for dsymutil
configure:8329: found /usr/bin/dsymutil
configure:8340: result: dsymutil
configure:8405: checking for nmedit
configure:8421: found /usr/bin/nmedit
configure:8432: result: nmedit
configure:8497: checking for lipo
configure:8513: found /usr/bin/lipo
configure:8524: result: lipo
configure:8589: checking for otool
configure:8605: found /usr/bin/otool
configure:8616: result: otool
configure:8681: checking for otool64
configure:8711: result: no
configure:8756: checking for -single_module linker flag
clang -g -O2 -stdlib=libc++ -o libconftest.dylib -dynamiclib -Wl,-single_module conftest.c
configure:8789: result: yes
configure:8792: checking for -exported_symbols_list linker flag
configure:8812: clang -o conftest -g -O2  -stdlib=libc++ -Wl,-exported_symbols_list,conftest.sym conftest.c  >&5
configure:8812: $? = 0
configure:8822: result: yes
configure:8825: checking for -force_load linker flag
clang -g -O2 -c -o conftest.o conftest.c
ar cru libconftest.a conftest.o
ranlib libconftest.a
clang -g -O2 -stdlib=libc++ -o conftest conftest.c -Wl,-force_load,./libconftest.a
configure:8857: result: yes
configure:8899: checking how to run the C preprocessor
configure:8930: clang -E  conftest.c
configure:8930: $? = 0
configure:8944: clang -E  conftest.c
conftest.c:11:10: fatal error: 'ac_nonexistent.h' file not found
#include <ac_nonexistent.h>
         ^
1 error generated.
configure:8944: $? = 1
configure: failed program was:
| /* confdefs.h */
| #define PACKAGE_NAME "zeromq"
| #define PACKAGE_TARNAME "zeromq"
| #define PACKAGE_VERSION "3.2.3"
| #define PACKAGE_STRING "zeromq 3.2.3"
| #define PACKAGE_BUGREPORT "zeromq-dev@lists.zeromq.org"
| #define PACKAGE_URL ""
| #define PACKAGE "zeromq"
| #define VERSION "3.2.3"
| /* end confdefs.h.  */
| #include <ac_nonexistent.h>
configure:8969: result: clang -E
configure:8989: clang -E  conftest.c
configure:8989: $? = 0
configure:9003: clang -E  conftest.c
conftest.c:11:10: fatal error: 'ac_nonexistent.h' file not found
#include <ac_nonexistent.h>
         ^
1 error generated.
configure:9003: $? = 1
configure: failed program was:
| /* confdefs.h */
| #define PACKAGE_NAME "zeromq"
| #define PACKAGE_TARNAME "zeromq"
| #define PACKAGE_VERSION "3.2.3"
| #define PACKAGE_STRING "zeromq 3.2.3"
| #define PACKAGE_BUGREPORT "zeromq-dev@lists.zeromq.org"
| #define PACKAGE_URL ""
| #define PACKAGE "zeromq"
| #define VERSION "3.2.3"
| /* end confdefs.h.  */
| #include <ac_nonexistent.h>
configure:9032: checking for ANSI C header files
configure:9052: clang -c -g -O2  conftest.c >&5
configure:9052: $? = 0
configure:9125: clang -o conftest -g -O2  -stdlib=libc++ conftest.c  >&5
configure:9125: $? = 0
configure:9125: ./conftest
configure:9125: $? = 0
configure:9136: result: yes
configure:9149: checking for sys/types.h
configure:9149: clang -c -g -O2  conftest.c >&5
configure:9149: $? = 0
configure:9149: result: yes
configure:9149: checking for sys/stat.h
configure:9149: clang -c -g -O2  conftest.c >&5
configure:9149: $? = 0
configure:9149: result: yes
configure:9149: checking for stdlib.h
configure:9149: clang -c -g -O2  conftest.c >&5
configure:9149: $? = 0
configure:9149: result: yes
configure:9149: checking for string.h
configure:9149: clang -c -g -O2  conftest.c >&5
configure:9149: $? = 0
configure:9149: result: yes
configure:9149: checking for memory.h
configure:9149: clang -c -g -O2  conftest.c >&5
configure:9149: $? = 0
configure:9149: result: yes
configure:9149: checking for strings.h
configure:9149: clang -c -g -O2  conftest.c >&5
configure:9149: $? = 0
configure:9149: result: yes
configure:9149: checking for inttypes.h
configure:9149: clang -c -g -O2  conftest.c >&5
configure:9149: $? = 0
configure:9149: result: yes
configure:9149: checking for stdint.h
configure:9149: clang -c -g -O2  conftest.c >&5
configure:9149: $? = 0
configure:9149: result: yes
configure:9149: checking for unistd.h
configure:9149: clang -c -g -O2  conftest.c >&5
configure:9149: $? = 0
configure:9149: result: yes
configure:9163: checking for dlfcn.h
configure:9163: clang -c -g -O2  conftest.c >&5
configure:9163: $? = 0
configure:9163: result: yes
configure:9348: checking for objdir
configure:9363: result: .libs
configure:9634: checking if clang supports -fno-rtti -fno-exceptions
configure:9652: clang -c -g -O2  -fno-rtti -fno-exceptions conftest.c >&5
configure:9656: $? = 0
configure:9669: result: yes
configure:9996: checking for clang option to produce PIC
configure:10003: result: -fno-common -DPIC
configure:10011: checking if clang PIC flag -fno-common -DPIC works
configure:10029: clang -c -g -O2  -fno-common -DPIC -DPIC conftest.c >&5
configure:10033: $? = 0
configure:10046: result: yes
configure:10075: checking if clang static flag -static works
configure:10103: result: no
configure:10118: checking if clang supports -c -o file.o
configure:10139: clang -c -g -O2  -o out/conftest2.o conftest.c >&5
configure:10143: $? = 0
configure:10165: result: yes
configure:10173: checking if clang supports -c -o file.o
configure:10220: result: yes
configure:10253: checking whether the clang linker (/usr/bin/ld) supports shared libraries
configure:11410: result: yes
configure:11650: checking dynamic linker characteristics
configure:12395: result: darwin12.4.0 dyld
configure:12502: checking how to hardcode library paths into programs
configure:12527: result: immediate
configure:13067: checking whether stripping libraries is possible
configure:13081: result: yes
configure:13107: checking if libtool supports shared libraries
configure:13109: result: yes
configure:13112: checking whether to build shared libraries
configure:13133: result: yes
configure:13136: checking whether to build static libraries
configure:13140: result: yes
configure:13163: checking how to run the C++ preprocessor
configure:13190: c++ -E  conftest.cpp
configure:13190: $? = 0
configure:13204: c++ -E  conftest.cpp
conftest.cpp:23:10: fatal error: 'ac_nonexistent.h' file not found
#include <ac_nonexistent.h>
         ^
1 error generated.
configure:13204: $? = 1
configure: failed program was:
| /* confdefs.h */
| #define PACKAGE_NAME "zeromq"
| #define PACKAGE_TARNAME "zeromq"
| #define PACKAGE_VERSION "3.2.3"
| #define PACKAGE_STRING "zeromq 3.2.3"
| #define PACKAGE_BUGREPORT "zeromq-dev@lists.zeromq.org"
| #define PACKAGE_URL ""
| #define PACKAGE "zeromq"
| #define VERSION "3.2.3"
| #define STDC_HEADERS 1
| #define HAVE_SYS_TYPES_H 1
| #define HAVE_SYS_STAT_H 1
| #define HAVE_STDLIB_H 1
| #define HAVE_STRING_H 1
| #define HAVE_MEMORY_H 1
| #define HAVE_STRINGS_H 1
| #define HAVE_INTTYPES_H 1
| #define HAVE_STDINT_H 1
| #define HAVE_UNISTD_H 1
| #define HAVE_DLFCN_H 1
| #define LT_OBJDIR ".libs/"
| /* end confdefs.h.  */
| #include <ac_nonexistent.h>
configure:13229: result: c++ -E
configure:13249: c++ -E  conftest.cpp
configure:13249: $? = 0
configure:13263: c++ -E  conftest.cpp
conftest.cpp:23:10: fatal error: 'ac_nonexistent.h' file not found
#include <ac_nonexistent.h>
         ^
1 error generated.
configure:13263: $? = 1
configure: failed program was:
| /* confdefs.h */
| #define PACKAGE_NAME "zeromq"
| #define PACKAGE_TARNAME "zeromq"
| #define PACKAGE_VERSION "3.2.3"
| #define PACKAGE_STRING "zeromq 3.2.3"
| #define PACKAGE_BUGREPORT "zeromq-dev@lists.zeromq.org"
| #define PACKAGE_URL ""
| #define PACKAGE "zeromq"
| #define VERSION "3.2.3"
| #define STDC_HEADERS 1
| #define HAVE_SYS_TYPES_H 1
| #define HAVE_SYS_STAT_H 1
| #define HAVE_STDLIB_H 1
| #define HAVE_STRING_H 1
| #define HAVE_MEMORY_H 1
| #define HAVE_STRINGS_H 1
| #define HAVE_INTTYPES_H 1
| #define HAVE_STDINT_H 1
| #define HAVE_UNISTD_H 1
| #define HAVE_DLFCN_H 1
| #define LT_OBJDIR ".libs/"
| /* end confdefs.h.  */
| #include <ac_nonexistent.h>
configure:13432: checking for ld used by c++
configure:13499: result: /usr/bin/ld
configure:13506: checking if the linker (/usr/bin/ld) is GNU ld
configure:13521: result: no
configure:13576: checking whether the c++ linker (/usr/bin/ld) supports shared libraries
configure:14581: result: yes
configure:14617: c++ -c -O3 -stdlib=libc++ -std=c++11  conftest.cpp >&5
configure:14620: $? = 0
configure:15140: checking for c++ option to produce PIC
configure:15147: result: -fno-common -DPIC
configure:15155: checking if c++ PIC flag -fno-common -DPIC works
configure:15173: c++ -c -O3 -stdlib=libc++ -std=c++11  -fno-common -DPIC -DPIC conftest.cpp >&5
configure:15177: $? = 0
configure:15190: result: yes
configure:15213: checking if c++ static flag -static works
configure:15241: result: no
configure:15253: checking if c++ supports -c -o file.o
configure:15274: c++ -c -O3 -stdlib=libc++ -std=c++11  -o out/conftest2.o conftest.cpp >&5
configure:15278: $? = 0
configure:15300: result: yes
configure:15305: checking if c++ supports -c -o file.o
configure:15352: result: yes
configure:15382: checking whether the c++ linker (/usr/bin/ld) supports shared libraries
configure:15421: result: yes
configure:15562: checking dynamic linker characteristics
configure:16241: result: darwin12.4.0 dyld
configure:16294: checking how to hardcode library paths into programs
configure:16319: result: immediate
configure:16392: checking whether the C compiler works
configure:16408: clang -o conftest -g -O2  -stdlib=libc++ conftest.c  >&5
configure:16408: $? = 0
configure:16417: result: yes
configure:16425: checking whether we are using Intel C compiler
configure:16444: clang -c -g -O2  conftest.c >&5
conftest.c:28:8: error: use of undeclared identifier 'error'
       error if not ICC
       ^
1 error generated.
configure:16444: $? = 1
configure: failed program was:
| /* confdefs.h */
| #define PACKAGE_NAME "zeromq"
| #define PACKAGE_TARNAME "zeromq"
| #define PACKAGE_VERSION "3.2.3"
| #define PACKAGE_STRING "zeromq 3.2.3"
| #define PACKAGE_BUGREPORT "zeromq-dev@lists.zeromq.org"
| #define PACKAGE_URL ""
| #define PACKAGE "zeromq"
| #define VERSION "3.2.3"
| #define STDC_HEADERS 1
| #define HAVE_SYS_TYPES_H 1
| #define HAVE_SYS_STAT_H 1
| #define HAVE_STDLIB_H 1
| #define HAVE_STRING_H 1
| #define HAVE_MEMORY_H 1
| #define HAVE_STRINGS_H 1
| #define HAVE_INTTYPES_H 1
| #define HAVE_STDINT_H 1
| #define HAVE_UNISTD_H 1
| #define HAVE_DLFCN_H 1
| #define LT_OBJDIR ".libs/"
| /* end confdefs.h.  */
| 
| int
| main ()
| {
| #ifndef __INTEL_COMPILER
|        error if not ICC
| #endif
| 
|   ;
|   return 0;
| }
configure:16452: result: no
configure:16454: checking whether we are using Sun Studio C compiler
configure:16473: clang -c -g -O2  conftest.c >&5
conftest.c:28:8: error: use of undeclared identifier 'error'
       error if not sun studio
       ^
1 error generated.
configure:16473: $? = 1
configure: failed program was:
| /* confdefs.h */
| #define PACKAGE_NAME "zeromq"
| #define PACKAGE_TARNAME "zeromq"
| #define PACKAGE_VERSION "3.2.3"
| #define PACKAGE_STRING "zeromq 3.2.3"
| #define PACKAGE_BUGREPORT "zeromq-dev@lists.zeromq.org"
| #define PACKAGE_URL ""
| #define PACKAGE "zeromq"
| #define VERSION "3.2.3"
| #define STDC_HEADERS 1
| #define HAVE_SYS_TYPES_H 1
| #define HAVE_SYS_STAT_H 1
| #define HAVE_STDLIB_H 1
| #define HAVE_STRING_H 1
| #define HAVE_MEMORY_H 1
| #define HAVE_STRINGS_H 1
| #define HAVE_INTTYPES_H 1
| #define HAVE_STDINT_H 1
| #define HAVE_UNISTD_H 1
| #define HAVE_DLFCN_H 1
| #define LT_OBJDIR ".libs/"
| /* end confdefs.h.  */
| 
| int
| main ()
| {
| #if !defined(__SUNPRO_CC) && !defined(__SUNPRO_C)
|        error if not sun studio
| #endif
| 
|   ;
|   return 0;
| }
configure:16481: result: no
configure:16483: checking whether we are using clang C compiler
configure:16502: clang -c -g -O2  conftest.c >&5
configure:16502: $? = 0
configure:16510: result: yes
configure:16512: checking whether we are using gcc >= 4 C compiler
configure:16531: clang -c -g -O2  conftest.c >&5
configure:16531: $? = 0
configure:16539: result: yes
configure:16556: checking whether the C++ compiler works
configure:16572: c++ -o conftest -O3 -stdlib=libc++ -std=c++11  -stdlib=libc++ conftest.cpp  >&5
configure:16572: $? = 0
configure:16581: result: yes
configure:16589: checking whether we are using Intel C++ compiler
configure:16608: c++ -c -O3 -stdlib=libc++ -std=c++11  conftest.cpp >&5
conftest.cpp:28:8: error: use of undeclared identifier 'error'
       error if not ICC
       ^
1 error generated.
configure:16608: $? = 1
configure: failed program was:
| /* confdefs.h */
| #define PACKAGE_NAME "zeromq"
| #define PACKAGE_TARNAME "zeromq"
| #define PACKAGE_VERSION "3.2.3"
| #define PACKAGE_STRING "zeromq 3.2.3"
| #define PACKAGE_BUGREPORT "zeromq-dev@lists.zeromq.org"
| #define PACKAGE_URL ""
| #define PACKAGE "zeromq"
| #define VERSION "3.2.3"
| #define STDC_HEADERS 1
| #define HAVE_SYS_TYPES_H 1
| #define HAVE_SYS_STAT_H 1
| #define HAVE_STDLIB_H 1
| #define HAVE_STRING_H 1
| #define HAVE_MEMORY_H 1
| #define HAVE_STRINGS_H 1
| #define HAVE_INTTYPES_H 1
| #define HAVE_STDINT_H 1
| #define HAVE_UNISTD_H 1
| #define HAVE_DLFCN_H 1
| #define LT_OBJDIR ".libs/"
| /* end confdefs.h.  */
| 
| int
| main ()
| {
| #ifndef __INTEL_COMPILER
|        error if not ICC
| #endif
| 
|   ;
|   return 0;
| }
configure:16616: result: no
configure:16618: checking whether we are using Sun Studio C++ compiler
configure:16637: c++ -c -O3 -stdlib=libc++ -std=c++11  conftest.cpp >&5
conftest.cpp:28:8: error: use of undeclared identifier 'error'
       error if not sun studio
       ^
1 error generated.
configure:16637: $? = 1
configure: failed program was:
| /* confdefs.h */
| #define PACKAGE_NAME "zeromq"
| #define PACKAGE_TARNAME "zeromq"
| #define PACKAGE_VERSION "3.2.3"
| #define PACKAGE_STRING "zeromq 3.2.3"
| #define PACKAGE_BUGREPORT "zeromq-dev@lists.zeromq.org"
| #define PACKAGE_URL ""
| #define PACKAGE "zeromq"
| #define VERSION "3.2.3"
| #define STDC_HEADERS 1
| #define HAVE_SYS_TYPES_H 1
| #define HAVE_SYS_STAT_H 1
| #define HAVE_STDLIB_H 1
| #define HAVE_STRING_H 1
| #define HAVE_MEMORY_H 1
| #define HAVE_STRINGS_H 1
| #define HAVE_INTTYPES_H 1
| #define HAVE_STDINT_H 1
| #define HAVE_UNISTD_H 1
| #define HAVE_DLFCN_H 1
| #define LT_OBJDIR ".libs/"
| /* end confdefs.h.  */
| 
| int
| main ()
| {
| #if !defined(__SUNPRO_CC) && !defined(__SUNPRO_C)
|        error if not sun studio
| #endif
| 
|   ;
|   return 0;
| }
configure:16645: result: no
configure:16647: checking whether we are using clang C++ compiler
configure:16666: c++ -c -O3 -stdlib=libc++ -std=c++11  conftest.cpp >&5
configure:16666: $? = 0
configure:16674: result: yes
configure:16676: checking whether we are using gcc >= 4 C++ compiler
configure:16695: c++ -c -O3 -stdlib=libc++ -std=c++11  conftest.cpp >&5
configure:16695: $? = 0
configure:16703: result: yes
configure:16737: checking whether to enable debugging information
configure:16775: result: no
configure:16792: checking whether to enable code coverage
configure:16823: result: no
configure:16829: checking for pthread_create in -lpthread
configure:16854: clang -o conftest -g -O2  -stdlib=libc++ conftest.c -lpthread   >&5
configure:16854: $? = 0
configure:16863: result: yes
configure:16874: checking for clock_gettime in -lrt
configure:16899: clang -o conftest -g -O2  -stdlib=libc++ conftest.c -lrt  -lpthread  >&5
ld: library not found for -lrt
clang: error: linker command failed with exit code 1 (use -v to see invocation)
configure:16899: $? = 1
configure: failed program was:
| /* confdefs.h */
| #define PACKAGE_NAME "zeromq"
| #define PACKAGE_TARNAME "zeromq"
| #define PACKAGE_VERSION "3.2.3"
| #define PACKAGE_STRING "zeromq 3.2.3"
| #define PACKAGE_BUGREPORT "zeromq-dev@lists.zeromq.org"
| #define PACKAGE_URL ""
| #define PACKAGE "zeromq"
| #define VERSION "3.2.3"
| #define STDC_HEADERS 1
| #define HAVE_SYS_TYPES_H 1
| #define HAVE_SYS_STAT_H 1
| #define HAVE_STDLIB_H 1
| #define HAVE_STRING_H 1
| #define HAVE_MEMORY_H 1
| #define HAVE_STRINGS_H 1
| #define HAVE_INTTYPES_H 1
| #define HAVE_STDINT_H 1
| #define HAVE_UNISTD_H 1
| #define HAVE_DLFCN_H 1
| #define LT_OBJDIR ".libs/"
| #define HAVE_LIBPTHREAD 1
| /* end confdefs.h.  */
| 
| /* Override any GCC internal prototype to avoid an error.
|    Use char because int might match the return type of a GCC
|    builtin and then its argument prototype would still apply.  */
| #ifdef __cplusplus
| extern "C"
| #endif
| char clock_gettime ();
| int
| main ()
| {
| return clock_gettime ();
|   ;
|   return 0;
| }
configure:16908: result: no
configure:17111: checking whether C++ compiler supports -Wno-uninitialized
configure:17143: c++ -c -O3 -stdlib=libc++ -std=c++11 -D_DARWIN_C_SOURCE -D_REENTRANT -D_THREAD_SAFE  -Wno-uninitialized conftest.cpp >&5
configure:17143: $? = 0
configure:17174: result: yes
configure:17711: checking whether C++ compiler supports -fvisibility=hidden
configure:17743: c++ -c -O3 -stdlib=libc++ -std=c++11 -Wno-uninitialized -D_DARWIN_C_SOURCE -D_REENTRANT -D_THREAD_SAFE  -fvisibility=hidden conftest.cpp >&5
configure:17743: $? = 0
configure:17774: result: yes
configure:17860: checking whether C++ compiler supports dso visibility
configure:17864: result: yes
configure:18008: checking for asciidoc
configure:18036: result: no
configure:18046: checking for xmlto
configure:18074: result: no
configure:18100: checking whether to build documentation
configure:18102: result: no
configure:18105: checking whether to install manpages
configure:18107: result: yes
configure:18139: checking for suitable polling system
configure:18175: clang -o conftest -g -O2 -Wno-uninitialized -D_DARWIN_C_SOURCE -D_REENTRANT -D_THREAD_SAFE  -stdlib=libc++ conftest.c -lpthread  >&5
configure:18175: $? = 0
configure:18360: result: using kqueue
configure:18369: checking for ANSI C header files
configure:18473: result: yes
configure:18485: checking errno.h usability
configure:18485: clang -c -g -O2 -Wno-uninitialized -D_DARWIN_C_SOURCE -D_REENTRANT -D_THREAD_SAFE  -DZMQ_FORCE_KQUEUE conftest.c >&5
configure:18485: $? = 0
configure:18485: result: yes
configure:18485: checking errno.h presence
configure:18485: clang -E -Wno-uninitialized -D_DARWIN_C_SOURCE -D_REENTRANT -D_THREAD_SAFE  -DZMQ_FORCE_KQUEUE conftest.c
configure:18485: $? = 0
configure:18485: result: yes
configure:18485: checking for errno.h
configure:18485: result: yes
configure:18485: checking arpa/inet.h usability
configure:18485: clang -c -g -O2 -Wno-uninitialized -D_DARWIN_C_SOURCE -D_REENTRANT -D_THREAD_SAFE  -DZMQ_FORCE_KQUEUE conftest.c >&5
configure:18485: $? = 0
configure:18485: result: yes
configure:18485: checking arpa/inet.h presence
configure:18485: clang -E -Wno-uninitialized -D_DARWIN_C_SOURCE -D_REENTRANT -D_THREAD_SAFE  -DZMQ_FORCE_KQUEUE conftest.c
configure:18485: $? = 0
configure:18485: result: yes
configure:18485: checking for arpa/inet.h
configure:18485: result: yes
configure:18485: checking netinet/tcp.h usability
configure:18485: clang -c -g -O2 -Wno-uninitialized -D_DARWIN_C_SOURCE -D_REENTRANT -D_THREAD_SAFE  -DZMQ_FORCE_KQUEUE conftest.c >&5
configure:18485: $? = 0
configure:18485: result: yes
configure:18485: checking netinet/tcp.h presence
configure:18485: clang -E -Wno-uninitialized -D_DARWIN_C_SOURCE -D_REENTRANT -D_THREAD_SAFE  -DZMQ_FORCE_KQUEUE conftest.c
configure:18485: $? = 0
configure:18485: result: yes
configure:18485: checking for netinet/tcp.h
configure:18485: result: yes
configure:18485: checking netinet/in.h usability
configure:18485: clang -c -g -O2 -Wno-uninitialized -D_DARWIN_C_SOURCE -D_REENTRANT -D_THREAD_SAFE  -DZMQ_FORCE_KQUEUE conftest.c >&5
configure:18485: $? = 0
configure:18485: result: yes
configure:18485: checking netinet/in.h presence
configure:18485: clang -E -Wno-uninitialized -D_DARWIN_C_SOURCE -D_REENTRANT -D_THREAD_SAFE  -DZMQ_FORCE_KQUEUE conftest.c
configure:18485: $? = 0
configure:18485: result: yes
configure:18485: checking for netinet/in.h
configure:18485: result: yes
configure:18485: checking stddef.h usability
configure:18485: clang -c -g -O2 -Wno-uninitialized -D_DARWIN_C_SOURCE -D_REENTRANT -D_THREAD_SAFE  -DZMQ_FORCE_KQUEUE conftest.c >&5
configure:18485: $? = 0
configure:18485: result: yes
configure:18485: checking stddef.h presence
configure:18485: clang -E -Wno-uninitialized -D_DARWIN_C_SOURCE -D_REENTRANT -D_THREAD_SAFE  -DZMQ_FORCE_KQUEUE conftest.c
configure:18485: $? = 0
configure:18485: result: yes
configure:18485: checking for stddef.h
configure:18485: result: yes
configure:18485: checking for stdlib.h
configure:18485: result: yes
configure:18485: checking for string.h
configure:18485: result: yes
configure:18485: checking sys/socket.h usability
configure:18485: clang -c -g -O2 -Wno-uninitialized -D_DARWIN_C_SOURCE -D_REENTRANT -D_THREAD_SAFE  -DZMQ_FORCE_KQUEUE conftest.c >&5
configure:18485: $? = 0
configure:18485: result: yes
configure:18485: checking sys/socket.h presence
configure:18485: clang -E -Wno-uninitialized -D_DARWIN_C_SOURCE -D_REENTRANT -D_THREAD_SAFE  -DZMQ_FORCE_KQUEUE conftest.c
configure:18485: $? = 0
configure:18485: result: yes
configure:18485: checking for sys/socket.h
configure:18485: result: yes
configure:18485: checking sys/time.h usability
configure:18485: clang -c -g -O2 -Wno-uninitialized -D_DARWIN_C_SOURCE -D_REENTRANT -D_THREAD_SAFE  -DZMQ_FORCE_KQUEUE conftest.c >&5
configure:18485: $? = 0
configure:18485: result: yes
configure:18485: checking sys/time.h presence
configure:18485: clang -E -Wno-uninitialized -D_DARWIN_C_SOURCE -D_REENTRANT -D_THREAD_SAFE  -DZMQ_FORCE_KQUEUE conftest.c
configure:18485: $? = 0
configure:18485: result: yes
configure:18485: checking for sys/time.h
configure:18485: result: yes
configure:18485: checking time.h usability
configure:18485: clang -c -g -O2 -Wno-uninitialized -D_DARWIN_C_SOURCE -D_REENTRANT -D_THREAD_SAFE  -DZMQ_FORCE_KQUEUE conftest.c >&5
configure:18485: $? = 0
configure:18485: result: yes
configure:18485: checking time.h presence
configure:18485: clang -E -Wno-uninitialized -D_DARWIN_C_SOURCE -D_REENTRANT -D_THREAD_SAFE  -DZMQ_FORCE_KQUEUE conftest.c
configure:18485: $? = 0
configure:18485: result: yes
configure:18485: checking for time.h
configure:18485: result: yes
configure:18485: checking for unistd.h
configure:18485: result: yes
configure:18485: checking limits.h usability
configure:18485: clang -c -g -O2 -Wno-uninitialized -D_DARWIN_C_SOURCE -D_REENTRANT -D_THREAD_SAFE  -DZMQ_FORCE_KQUEUE conftest.c >&5
configure:18485: $? = 0
configure:18485: result: yes
configure:18485: checking limits.h presence
configure:18485: clang -E -Wno-uninitialized -D_DARWIN_C_SOURCE -D_REENTRANT -D_THREAD_SAFE  -DZMQ_FORCE_KQUEUE conftest.c
configure:18485: $? = 0
configure:18485: result: yes
configure:18485: checking for limits.h
configure:18485: result: yes
configure:18499: checking ifaddrs.h usability
configure:18499: clang -c -g -O2 -Wno-uninitialized -D_DARWIN_C_SOURCE -D_REENTRANT -D_THREAD_SAFE  -DZMQ_FORCE_KQUEUE conftest.c >&5
configure:18499: $? = 0
configure:18499: result: yes
configure:18499: checking ifaddrs.h presence
configure:18499: clang -E -Wno-uninitialized -D_DARWIN_C_SOURCE -D_REENTRANT -D_THREAD_SAFE  -DZMQ_FORCE_KQUEUE conftest.c
configure:18499: $? = 0
configure:18499: result: yes
configure:18499: checking for ifaddrs.h
configure:18499: result: yes
configure:18515: checking sys/uio.h usability
configure:18515: clang -c -g -O2 -Wno-uninitialized -D_DARWIN_C_SOURCE -D_REENTRANT -D_THREAD_SAFE  -DZMQ_FORCE_KQUEUE conftest.c >&5
configure:18515: $? = 0
configure:18515: result: yes
configure:18515: checking sys/uio.h presence
configure:18515: clang -E -Wno-uninitialized -D_DARWIN_C_SOURCE -D_REENTRANT -D_THREAD_SAFE  -DZMQ_FORCE_KQUEUE conftest.c
configure:18515: $? = 0
configure:18515: result: yes
configure:18515: checking for sys/uio.h
configure:18515: result: yes
configure:18541: checking sys/eventfd.h usability
configure:18541: clang -c -g -O2 -Wno-uninitialized -D_DARWIN_C_SOURCE -D_REENTRANT -D_THREAD_SAFE  -DZMQ_FORCE_KQUEUE conftest.c >&5
conftest.c:75:10: fatal error: 'sys/eventfd.h' file not found
#include <sys/eventfd.h>
         ^
1 error generated.
configure:18541: $? = 1
configure: failed program was:
| /* confdefs.h */
| #define PACKAGE_NAME "zeromq"
| #define PACKAGE_TARNAME "zeromq"
| #define PACKAGE_VERSION "3.2.3"
| #define PACKAGE_STRING "zeromq 3.2.3"
| #define PACKAGE_BUGREPORT "zeromq-dev@lists.zeromq.org"
| #define PACKAGE_URL ""
| #define PACKAGE "zeromq"
| #define VERSION "3.2.3"
| #define STDC_HEADERS 1
| #define HAVE_SYS_TYPES_H 1
| #define HAVE_SYS_STAT_H 1
| #define HAVE_STDLIB_H 1
| #define HAVE_STRING_H 1
| #define HAVE_MEMORY_H 1
| #define HAVE_STRINGS_H 1
| #define HAVE_INTTYPES_H 1
| #define HAVE_STDINT_H 1
| #define HAVE_UNISTD_H 1
| #define HAVE_DLFCN_H 1
| #define LT_OBJDIR ".libs/"
| #define HAVE_LIBPTHREAD 1
| #define ZMQ_HAVE_OSX 1
| #define STDC_HEADERS 1
| #define HAVE_ERRNO_H 1
| #define HAVE_ARPA_INET_H 1
| #define HAVE_NETINET_TCP_H 1
| #define HAVE_NETINET_IN_H 1
| #define HAVE_STDDEF_H 1
| #define HAVE_STDLIB_H 1
| #define HAVE_STRING_H 1
| #define HAVE_SYS_SOCKET_H 1
| #define HAVE_SYS_TIME_H 1
| #define HAVE_TIME_H 1
| #define HAVE_UNISTD_H 1
| #define HAVE_LIMITS_H 1
| #define HAVE_IFADDRS_H 1
| #define ZMQ_HAVE_IFADDRS 1
| #define HAVE_SYS_UIO_H 1
| #define ZMQ_HAVE_UIO 1
| /* end confdefs.h.  */
| #include <stdio.h>
| #ifdef HAVE_SYS_TYPES_H
| # include <sys/types.h>
| #endif
| #ifdef HAVE_SYS_STAT_H
| # include <sys/stat.h>
| #endif
| #ifdef STDC_HEADERS
| # include <stdlib.h>
| # include <stddef.h>
| #else
| # ifdef HAVE_STDLIB_H
| #  include <stdlib.h>
| # endif
| #endif
| #ifdef HAVE_STRING_H
| # if !defined STDC_HEADERS && defined HAVE_MEMORY_H
| #  include <memory.h>
| # endif
| # include <string.h>
| #endif
| #ifdef HAVE_STRINGS_H
| # include <strings.h>
| #endif
| #ifdef HAVE_INTTYPES_H
| # include <inttypes.h>
| #endif
| #ifdef HAVE_STDINT_H
| # include <stdint.h>
| #endif
| #ifdef HAVE_UNISTD_H
| # include <unistd.h>
| #endif
| #include <sys/eventfd.h>
configure:18541: result: no
configure:18541: checking sys/eventfd.h presence
configure:18541: clang -E -Wno-uninitialized -D_DARWIN_C_SOURCE -D_REENTRANT -D_THREAD_SAFE  -DZMQ_FORCE_KQUEUE conftest.c
conftest.c:42:10: fatal error: 'sys/eventfd.h' file not found
#include <sys/eventfd.h>
         ^
1 error generated.
configure:18541: $? = 1
configure: failed program was:
| /* confdefs.h */
| #define PACKAGE_NAME "zeromq"
| #define PACKAGE_TARNAME "zeromq"
| #define PACKAGE_VERSION "3.2.3"
| #define PACKAGE_STRING "zeromq 3.2.3"
| #define PACKAGE_BUGREPORT "zeromq-dev@lists.zeromq.org"
| #define PACKAGE_URL ""
| #define PACKAGE "zeromq"
| #define VERSION "3.2.3"
| #define STDC_HEADERS 1
| #define HAVE_SYS_TYPES_H 1
| #define HAVE_SYS_STAT_H 1
| #define HAVE_STDLIB_H 1
| #define HAVE_STRING_H 1
| #define HAVE_MEMORY_H 1
| #define HAVE_STRINGS_H 1
| #define HAVE_INTTYPES_H 1
| #define HAVE_STDINT_H 1
| #define HAVE_UNISTD_H 1
| #define HAVE_DLFCN_H 1
| #define LT_OBJDIR ".libs/"
| #define HAVE_LIBPTHREAD 1
| #define ZMQ_HAVE_OSX 1
| #define STDC_HEADERS 1
| #define HAVE_ERRNO_H 1
| #define HAVE_ARPA_INET_H 1
| #define HAVE_NETINET_TCP_H 1
| #define HAVE_NETINET_IN_H 1
| #define HAVE_STDDEF_H 1
| #define HAVE_STDLIB_H 1
| #define HAVE_STRING_H 1
| #define HAVE_SYS_SOCKET_H 1
| #define HAVE_SYS_TIME_H 1
| #define HAVE_TIME_H 1
| #define HAVE_UNISTD_H 1
| #define HAVE_LIMITS_H 1
| #define HAVE_IFADDRS_H 1
| #define ZMQ_HAVE_IFADDRS 1
| #define HAVE_SYS_UIO_H 1
| #define ZMQ_HAVE_UIO 1
| /* end confdefs.h.  */
| #include <sys/eventfd.h>
configure:18541: result: no
configure:18541: checking for sys/eventfd.h
configure:18541: result: no
configure:18563: checking for stdbool.h that conforms to C99
configure:18630: c++ -c -O3 -stdlib=libc++ -std=c++11 -Wno-uninitialized -D_DARWIN_C_SOURCE -D_REENTRANT -D_THREAD_SAFE  -DZMQ_FORCE_KQUEUE conftest.cpp >&5
conftest.cpp:45:15: error: expected unqualified-id
              "error: bool is not defined"
              ^
conftest.cpp:63:48: error: C++ requires a type specifier for all declarations
             struct s { _Bool s: 1; _Bool t; } s;
                                               ^
conftest.cpp:70:22: error: use of undeclared identifier '_Bool'
             char f[(_Bool) 0.0 == false ? 1 : -1];
                     ^
conftest.cpp:72:29: error: use of undeclared identifier '_Bool'
             char h[sizeof (_Bool)];
                            ^
conftest.cpp:77:14: error: unknown type name '_Bool'
             _Bool n[m];
             ^
conftest.cpp:79:27: error: use of undeclared identifier '_Bool'
             char p[-1 - (_Bool) 0 < 0 && -1 - (bool) 0 < 0 ? 1 : -1];
                          ^
conftest.cpp:84:14: error: unknown type name '_Bool'
             _Bool q = true;
             ^
conftest.cpp:85:14: error: unknown type name '_Bool'
             _Bool *pq = &q;
             ^
8 errors generated.
configure:18630: $? = 1
configure: failed program was:
| /* confdefs.h */
| #define PACKAGE_NAME "zeromq"
| #define PACKAGE_TARNAME "zeromq"
| #define PACKAGE_VERSION "3.2.3"
| #define PACKAGE_STRING "zeromq 3.2.3"
| #define PACKAGE_BUGREPORT "zeromq-dev@lists.zeromq.org"
| #define PACKAGE_URL ""
| #define PACKAGE "zeromq"
| #define VERSION "3.2.3"
| #define STDC_HEADERS 1
| #define HAVE_SYS_TYPES_H 1
| #define HAVE_SYS_STAT_H 1
| #define HAVE_STDLIB_H 1
| #define HAVE_STRING_H 1
| #define HAVE_MEMORY_H 1
| #define HAVE_STRINGS_H 1
| #define HAVE_INTTYPES_H 1
| #define HAVE_STDINT_H 1
| #define HAVE_UNISTD_H 1
| #define HAVE_DLFCN_H 1
| #define LT_OBJDIR ".libs/"
| #define HAVE_LIBPTHREAD 1
| #define ZMQ_HAVE_OSX 1
| #define STDC_HEADERS 1
| #define HAVE_ERRNO_H 1
| #define HAVE_ARPA_INET_H 1
| #define HAVE_NETINET_TCP_H 1
| #define HAVE_NETINET_IN_H 1
| #define HAVE_STDDEF_H 1
| #define HAVE_STDLIB_H 1
| #define HAVE_STRING_H 1
| #define HAVE_SYS_SOCKET_H 1
| #define HAVE_SYS_TIME_H 1
| #define HAVE_TIME_H 1
| #define HAVE_UNISTD_H 1
| #define HAVE_LIMITS_H 1
| #define HAVE_IFADDRS_H 1
| #define ZMQ_HAVE_IFADDRS 1
| #define HAVE_SYS_UIO_H 1
| #define ZMQ_HAVE_UIO 1
| /* end confdefs.h.  */
| 
|              #include <stdbool.h>
|              #ifndef bool
|               "error: bool is not defined"
|              #endif
|              #ifndef false
|               "error: false is not defined"
|              #endif
|              #if false
|               "error: false is not 0"
|              #endif
|              #ifndef true
|               "error: true is not defined"
|              #endif
|              #if true != 1
|               "error: true is not 1"
|              #endif
|              #ifndef __bool_true_false_are_defined
|               "error: __bool_true_false_are_defined is not defined"
|              #endif
| 
|              struct s { _Bool s: 1; _Bool t; } s;
| 
|              char a[true == 1 ? 1 : -1];
|              char b[false == 0 ? 1 : -1];
|              char c[__bool_true_false_are_defined == 1 ? 1 : -1];
|              char d[(bool) 0.5 == true ? 1 : -1];
|              /* See body of main program for 'e'.  */
|              char f[(_Bool) 0.0 == false ? 1 : -1];
|              char g[true];
|              char h[sizeof (_Bool)];
|              char i[sizeof s.t];
|              enum { j = false, k = true, l = false * true, m = true * 256 };
|              /* The following fails for
|                 HP aC++/ANSI C B3910B A.05.55 [Dec 04 2003]. */
|              _Bool n[m];
|              char o[sizeof n == m * sizeof n[0] ? 1 : -1];
|              char p[-1 - (_Bool) 0 < 0 && -1 - (bool) 0 < 0 ? 1 : -1];
|              /* Catch a bug in an HP-UX C compiler.  See
|                 http://gcc.gnu.org/ml/gcc-patches/2003-12/msg02303.html
|                 http://lists.gnu.org/archive/html/bug-coreutils/2005-11/msg00161.html
|               */
|              _Bool q = true;
|              _Bool *pq = &q;
| 
| int
| main ()
| {
| 
|              bool e = &s;
|              *pq |= q;
|              *pq |= ! q;
|              /* Refer to every declared value, to avoid compiler optimizations.  */
|              return (!a + !b + !c + !d + !e + !f + !g + !h + !i + !!j + !k + !!l
|                      + !m + !n + !o + !p + !q + !pq);
| 
|   ;
|   return 0;
| }
configure:18637: result: no
configure:18639: checking for _Bool
configure:18639: c++ -c -O3 -stdlib=libc++ -std=c++11 -Wno-uninitialized -D_DARWIN_C_SOURCE -D_REENTRANT -D_THREAD_SAFE  -DZMQ_FORCE_KQUEUE conftest.cpp >&5
conftest.cpp:78:13: error: use of undeclared identifier '_Bool'
if (sizeof (_Bool))
            ^
1 error generated.
configure:18639: $? = 1
configure: failed program was:
| /* confdefs.h */
| #define PACKAGE_NAME "zeromq"
| #define PACKAGE_TARNAME "zeromq"
| #define PACKAGE_VERSION "3.2.3"
| #define PACKAGE_STRING "zeromq 3.2.3"
| #define PACKAGE_BUGREPORT "zeromq-dev@lists.zeromq.org"
| #define PACKAGE_URL ""
| #define PACKAGE "zeromq"
| #define VERSION "3.2.3"
| #define STDC_HEADERS 1
| #define HAVE_SYS_TYPES_H 1
| #define HAVE_SYS_STAT_H 1
| #define HAVE_STDLIB_H 1
| #define HAVE_STRING_H 1
| #define HAVE_MEMORY_H 1
| #define HAVE_STRINGS_H 1
| #define HAVE_INTTYPES_H 1
| #define HAVE_STDINT_H 1
| #define HAVE_UNISTD_H 1
| #define HAVE_DLFCN_H 1
| #define LT_OBJDIR ".libs/"
| #define HAVE_LIBPTHREAD 1
| #define ZMQ_HAVE_OSX 1
| #define STDC_HEADERS 1
| #define HAVE_ERRNO_H 1
| #define HAVE_ARPA_INET_H 1
| #define HAVE_NETINET_TCP_H 1
| #define HAVE_NETINET_IN_H 1
| #define HAVE_STDDEF_H 1
| #define HAVE_STDLIB_H 1
| #define HAVE_STRING_H 1
| #define HAVE_SYS_SOCKET_H 1
| #define HAVE_SYS_TIME_H 1
| #define HAVE_TIME_H 1
| #define HAVE_UNISTD_H 1
| #define HAVE_LIMITS_H 1
| #define HAVE_IFADDRS_H 1
| #define ZMQ_HAVE_IFADDRS 1
| #define HAVE_SYS_UIO_H 1
| #define ZMQ_HAVE_UIO 1
| /* end confdefs.h.  */
| #include <stdio.h>
| #ifdef HAVE_SYS_TYPES_H
| # include <sys/types.h>
| #endif
| #ifdef HAVE_SYS_STAT_H
| # include <sys/stat.h>
| #endif
| #ifdef STDC_HEADERS
| # include <stdlib.h>
| # include <stddef.h>
| #else
| # ifdef HAVE_STDLIB_H
| #  include <stdlib.h>
| # endif
| #endif
| #ifdef HAVE_STRING_H
| # if !defined STDC_HEADERS && defined HAVE_MEMORY_H
| #  include <memory.h>
| # endif
| # include <string.h>
| #endif
| #ifdef HAVE_STRINGS_H
| # include <strings.h>
| #endif
| #ifdef HAVE_INTTYPES_H
| # include <inttypes.h>
| #endif
| #ifdef HAVE_STDINT_H
| # include <stdint.h>
| #endif
| #ifdef HAVE_UNISTD_H
| # include <unistd.h>
| #endif
| int
| main ()
| {
| if (sizeof (_Bool))
| 	 return 0;
|   ;
|   return 0;
| }
configure:18639: result: no
configure:18656: checking for an ANSI C-conforming const
configure:18722: c++ -c -O3 -stdlib=libc++ -std=c++11 -Wno-uninitialized -D_DARWIN_C_SOURCE -D_REENTRANT -D_THREAD_SAFE  -DZMQ_FORCE_KQUEUE conftest.cpp >&5
configure:18722: $? = 0
configure:18729: result: yes
configure:18737: checking for inline
configure:18753: c++ -c -O3 -stdlib=libc++ -std=c++11 -Wno-uninitialized -D_DARWIN_C_SOURCE -D_REENTRANT -D_THREAD_SAFE  -DZMQ_FORCE_KQUEUE conftest.cpp >&5
configure:18753: $? = 0
configure:18761: result: inline
configure:18828: checking for size_t
configure:18828: c++ -c -O3 -stdlib=libc++ -std=c++11 -Wno-uninitialized -D_DARWIN_C_SOURCE -D_REENTRANT -D_THREAD_SAFE  -DZMQ_FORCE_KQUEUE conftest.cpp >&5
configure:18828: $? = 0
configure:18828: c++ -c -O3 -stdlib=libc++ -std=c++11 -Wno-uninitialized -D_DARWIN_C_SOURCE -D_REENTRANT -D_THREAD_SAFE  -DZMQ_FORCE_KQUEUE conftest.cpp >&5
conftest.cpp:78:21: error: expected expression
if (sizeof ((size_t)))
                    ^
1 error generated.
configure:18828: $? = 1
configure: failed program was:
| /* confdefs.h */
| #define PACKAGE_NAME "zeromq"
| #define PACKAGE_TARNAME "zeromq"
| #define PACKAGE_VERSION "3.2.3"
| #define PACKAGE_STRING "zeromq 3.2.3"
| #define PACKAGE_BUGREPORT "zeromq-dev@lists.zeromq.org"
| #define PACKAGE_URL ""
| #define PACKAGE "zeromq"
| #define VERSION "3.2.3"
| #define STDC_HEADERS 1
| #define HAVE_SYS_TYPES_H 1
| #define HAVE_SYS_STAT_H 1
| #define HAVE_STDLIB_H 1
| #define HAVE_STRING_H 1
| #define HAVE_MEMORY_H 1
| #define HAVE_STRINGS_H 1
| #define HAVE_INTTYPES_H 1
| #define HAVE_STDINT_H 1
| #define HAVE_UNISTD_H 1
| #define HAVE_DLFCN_H 1
| #define LT_OBJDIR ".libs/"
| #define HAVE_LIBPTHREAD 1
| #define ZMQ_HAVE_OSX 1
| #define STDC_HEADERS 1
| #define HAVE_ERRNO_H 1
| #define HAVE_ARPA_INET_H 1
| #define HAVE_NETINET_TCP_H 1
| #define HAVE_NETINET_IN_H 1
| #define HAVE_STDDEF_H 1
| #define HAVE_STDLIB_H 1
| #define HAVE_STRING_H 1
| #define HAVE_SYS_SOCKET_H 1
| #define HAVE_SYS_TIME_H 1
| #define HAVE_TIME_H 1
| #define HAVE_UNISTD_H 1
| #define HAVE_LIMITS_H 1
| #define HAVE_IFADDRS_H 1
| #define ZMQ_HAVE_IFADDRS 1
| #define HAVE_SYS_UIO_H 1
| #define ZMQ_HAVE_UIO 1
| /* end confdefs.h.  */
| #include <stdio.h>
| #ifdef HAVE_SYS_TYPES_H
| # include <sys/types.h>
| #endif
| #ifdef HAVE_SYS_STAT_H
| # include <sys/stat.h>
| #endif
| #ifdef STDC_HEADERS
| # include <stdlib.h>
| # include <stddef.h>
| #else
| # ifdef HAVE_STDLIB_H
| #  include <stdlib.h>
| # endif
| #endif
| #ifdef HAVE_STRING_H
| # if !defined STDC_HEADERS && defined HAVE_MEMORY_H
| #  include <memory.h>
| # endif
| # include <string.h>
| #endif
| #ifdef HAVE_STRINGS_H
| # include <strings.h>
| #endif
| #ifdef HAVE_INTTYPES_H
| # include <inttypes.h>
| #endif
| #ifdef HAVE_STDINT_H
| # include <stdint.h>
| #endif
| #ifdef HAVE_UNISTD_H
| # include <unistd.h>
| #endif
| int
| main ()
| {
| if (sizeof ((size_t)))
| 	    return 0;
|   ;
|   return 0;
| }
configure:18828: result: yes
configure:18839: checking for ssize_t
configure:18839: c++ -c -O3 -stdlib=libc++ -std=c++11 -Wno-uninitialized -D_DARWIN_C_SOURCE -D_REENTRANT -D_THREAD_SAFE  -DZMQ_FORCE_KQUEUE conftest.cpp >&5
configure:18839: $? = 0
configure:18839: c++ -c -O3 -stdlib=libc++ -std=c++11 -Wno-uninitialized -D_DARWIN_C_SOURCE -D_REENTRANT -D_THREAD_SAFE  -DZMQ_FORCE_KQUEUE conftest.cpp >&5
conftest.cpp:78:22: error: expected expression
if (sizeof ((ssize_t)))
                     ^
1 error generated.
configure:18839: $? = 1
configure: failed program was:
| /* confdefs.h */
| #define PACKAGE_NAME "zeromq"
| #define PACKAGE_TARNAME "zeromq"
| #define PACKAGE_VERSION "3.2.3"
| #define PACKAGE_STRING "zeromq 3.2.3"
| #define PACKAGE_BUGREPORT "zeromq-dev@lists.zeromq.org"
| #define PACKAGE_URL ""
| #define PACKAGE "zeromq"
| #define VERSION "3.2.3"
| #define STDC_HEADERS 1
| #define HAVE_SYS_TYPES_H 1
| #define HAVE_SYS_STAT_H 1
| #define HAVE_STDLIB_H 1
| #define HAVE_STRING_H 1
| #define HAVE_MEMORY_H 1
| #define HAVE_STRINGS_H 1
| #define HAVE_INTTYPES_H 1
| #define HAVE_STDINT_H 1
| #define HAVE_UNISTD_H 1
| #define HAVE_DLFCN_H 1
| #define LT_OBJDIR ".libs/"
| #define HAVE_LIBPTHREAD 1
| #define ZMQ_HAVE_OSX 1
| #define STDC_HEADERS 1
| #define HAVE_ERRNO_H 1
| #define HAVE_ARPA_INET_H 1
| #define HAVE_NETINET_TCP_H 1
| #define HAVE_NETINET_IN_H 1
| #define HAVE_STDDEF_H 1
| #define HAVE_STDLIB_H 1
| #define HAVE_STRING_H 1
| #define HAVE_SYS_SOCKET_H 1
| #define HAVE_SYS_TIME_H 1
| #define HAVE_TIME_H 1
| #define HAVE_UNISTD_H 1
| #define HAVE_LIMITS_H 1
| #define HAVE_IFADDRS_H 1
| #define ZMQ_HAVE_IFADDRS 1
| #define HAVE_SYS_UIO_H 1
| #define ZMQ_HAVE_UIO 1
| /* end confdefs.h.  */
| #include <stdio.h>
| #ifdef HAVE_SYS_TYPES_H
| # include <sys/types.h>
| #endif
| #ifdef HAVE_SYS_STAT_H
| # include <sys/stat.h>
| #endif
| #ifdef STDC_HEADERS
| # include <stdlib.h>
| # include <stddef.h>
| #else
| # ifdef HAVE_STDLIB_H
| #  include <stdlib.h>
| # endif
| #endif
| #ifdef HAVE_STRING_H
| # if !defined STDC_HEADERS && defined HAVE_MEMORY_H
| #  include <memory.h>
| # endif
| # include <string.h>
| #endif
| #ifdef HAVE_STRINGS_H
| # include <strings.h>
| #endif
| #ifdef HAVE_INTTYPES_H
| # include <inttypes.h>
| #endif
| #ifdef HAVE_STDINT_H
| # include <stdint.h>
| #endif
| #ifdef HAVE_UNISTD_H
| # include <unistd.h>
| #endif
| int
| main ()
| {
| if (sizeof ((ssize_t)))
| 	    return 0;
|   ;
|   return 0;
| }
configure:18839: result: yes
configure:18851: checking whether time.h and sys/time.h may both be included
configure:18871: c++ -c -O3 -stdlib=libc++ -std=c++11 -Wno-uninitialized -D_DARWIN_C_SOURCE -D_REENTRANT -D_THREAD_SAFE  -DZMQ_FORCE_KQUEUE conftest.cpp >&5
configure:18871: $? = 0
configure:18878: result: yes
configure:18886: checking for uint32_t
configure:18886: c++ -c -O3 -stdlib=libc++ -std=c++11 -Wno-uninitialized -D_DARWIN_C_SOURCE -D_REENTRANT -D_THREAD_SAFE  -DZMQ_FORCE_KQUEUE conftest.cpp >&5
configure:18886: $? = 0
configure:18886: result: yes
configure:18900: checking for working volatile
configure:18919: c++ -c -O3 -stdlib=libc++ -std=c++11 -Wno-uninitialized -D_DARWIN_C_SOURCE -D_REENTRANT -D_THREAD_SAFE  -DZMQ_FORCE_KQUEUE conftest.cpp >&5
configure:18919: $? = 0
configure:18926: result: yes
configure:19430: checking how to enable additional warnings for C++ compiler
configure:19465: result: -Wall
configure:19599: checking return type of signal handlers
configure:19617: c++ -c -O3 -stdlib=libc++ -std=c++11 -Wall -Wno-uninitialized -D_DARWIN_C_SOURCE -D_REENTRANT -D_THREAD_SAFE  -DZMQ_FORCE_KQUEUE conftest.cpp >&5
conftest.cpp:49:8: error: indirection requires pointer operand ('void' invalid)
return *(signal (0, 0)) (0) == 1;
       ^~~~~~~~~~~~~~~~~~~~
1 error generated.
configure:19617: $? = 1
configure: failed program was:
| /* confdefs.h */
| #define PACKAGE_NAME "zeromq"
| #define PACKAGE_TARNAME "zeromq"
| #define PACKAGE_VERSION "3.2.3"
| #define PACKAGE_STRING "zeromq 3.2.3"
| #define PACKAGE_BUGREPORT "zeromq-dev@lists.zeromq.org"
| #define PACKAGE_URL ""
| #define PACKAGE "zeromq"
| #define VERSION "3.2.3"
| #define STDC_HEADERS 1
| #define HAVE_SYS_TYPES_H 1
| #define HAVE_SYS_STAT_H 1
| #define HAVE_STDLIB_H 1
| #define HAVE_STRING_H 1
| #define HAVE_MEMORY_H 1
| #define HAVE_STRINGS_H 1
| #define HAVE_INTTYPES_H 1
| #define HAVE_STDINT_H 1
| #define HAVE_UNISTD_H 1
| #define HAVE_DLFCN_H 1
| #define LT_OBJDIR ".libs/"
| #define HAVE_LIBPTHREAD 1
| #define ZMQ_HAVE_OSX 1
| #define STDC_HEADERS 1
| #define HAVE_ERRNO_H 1
| #define HAVE_ARPA_INET_H 1
| #define HAVE_NETINET_TCP_H 1
| #define HAVE_NETINET_IN_H 1
| #define HAVE_STDDEF_H 1
| #define HAVE_STDLIB_H 1
| #define HAVE_STRING_H 1
| #define HAVE_SYS_SOCKET_H 1
| #define HAVE_SYS_TIME_H 1
| #define HAVE_TIME_H 1
| #define HAVE_UNISTD_H 1
| #define HAVE_LIMITS_H 1
| #define HAVE_IFADDRS_H 1
| #define ZMQ_HAVE_IFADDRS 1
| #define HAVE_SYS_UIO_H 1
| #define ZMQ_HAVE_UIO 1
| #define TIME_WITH_SYS_TIME 1
| /* end confdefs.h.  */
| #include <sys/types.h>
| #include <signal.h>
| 
| int
| main ()
| {
| return *(signal (0, 0)) (0) == 1;
|   ;
|   return 0;
| }
configure:19624: result: void
configure:19635: checking for perror
configure:19635: c++ -o conftest -O3 -stdlib=libc++ -std=c++11 -Wall -Wno-uninitialized -D_DARWIN_C_SOURCE -D_REENTRANT -D_THREAD_SAFE  -DZMQ_FORCE_KQUEUE -stdlib=libc++ conftest.cpp -lpthread  >&5
configure:19635: $? = 0
configure:19635: result: yes
configure:19635: checking for gettimeofday
configure:19635: c++ -o conftest -O3 -stdlib=libc++ -std=c++11 -Wall -Wno-uninitialized -D_DARWIN_C_SOURCE -D_REENTRANT -D_THREAD_SAFE  -DZMQ_FORCE_KQUEUE -stdlib=libc++ conftest.cpp -lpthread  >&5
configure:19635: $? = 0
configure:19635: result: yes
configure:19635: checking for clock_gettime
configure:19635: c++ -o conftest -O3 -stdlib=libc++ -std=c++11 -Wall -Wno-uninitialized -D_DARWIN_C_SOURCE -D_REENTRANT -D_THREAD_SAFE  -DZMQ_FORCE_KQUEUE -stdlib=libc++ conftest.cpp -lpthread  >&5
Undefined symbols for architecture x86_64:
  "_clock_gettime", referenced from:
      _main in conftest-g02DBM.o
ld: symbol(s) not found for architecture x86_64
clang: error: linker command failed with exit code 1 (use -v to see invocation)
configure:19635: $? = 1
configure: failed program was:
| /* confdefs.h */
| #define PACKAGE_NAME "zeromq"
| #define PACKAGE_TARNAME "zeromq"
| #define PACKAGE_VERSION "3.2.3"
| #define PACKAGE_STRING "zeromq 3.2.3"
| #define PACKAGE_BUGREPORT "zeromq-dev@lists.zeromq.org"
| #define PACKAGE_URL ""
| #define PACKAGE "zeromq"
| #define VERSION "3.2.3"
| #define STDC_HEADERS 1
| #define HAVE_SYS_TYPES_H 1
| #define HAVE_SYS_STAT_H 1
| #define HAVE_STDLIB_H 1
| #define HAVE_STRING_H 1
| #define HAVE_MEMORY_H 1
| #define HAVE_STRINGS_H 1
| #define HAVE_INTTYPES_H 1
| #define HAVE_STDINT_H 1
| #define HAVE_UNISTD_H 1
| #define HAVE_DLFCN_H 1
| #define LT_OBJDIR ".libs/"
| #define HAVE_LIBPTHREAD 1
| #define ZMQ_HAVE_OSX 1
| #define STDC_HEADERS 1
| #define HAVE_ERRNO_H 1
| #define HAVE_ARPA_INET_H 1
| #define HAVE_NETINET_TCP_H 1
| #define HAVE_NETINET_IN_H 1
| #define HAVE_STDDEF_H 1
| #define HAVE_STDLIB_H 1
| #define HAVE_STRING_H 1
| #define HAVE_SYS_SOCKET_H 1
| #define HAVE_SYS_TIME_H 1
| #define HAVE_TIME_H 1
| #define HAVE_UNISTD_H 1
| #define HAVE_LIMITS_H 1
| #define HAVE_IFADDRS_H 1
| #define ZMQ_HAVE_IFADDRS 1
| #define HAVE_SYS_UIO_H 1
| #define ZMQ_HAVE_UIO 1
| #define TIME_WITH_SYS_TIME 1
| #define RETSIGTYPE void
| #define HAVE_PERROR 1
| #define HAVE_GETTIMEOFDAY 1
| /* end confdefs.h.  */
| /* Define clock_gettime to an innocuous variant, in case <limits.h> declares clock_gettime.
|    For example, HP-UX 11i <limits.h> declares gettimeofday.  */
| #define clock_gettime innocuous_clock_gettime
| 
| /* System header to define __stub macros and hopefully few prototypes,
|     which can conflict with char clock_gettime (); below.
|     Prefer <limits.h> to <assert.h> if __STDC__ is defined, since
|     <limits.h> exists even on freestanding compilers.  */
| 
| #ifdef __STDC__
| # include <limits.h>
| #else
| # include <assert.h>
| #endif
| 
| #undef clock_gettime
| 
| /* Override any GCC internal prototype to avoid an error.
|    Use char because int might match the return type of a GCC
|    builtin and then its argument prototype would still apply.  */
| #ifdef __cplusplus
| extern "C"
| #endif
| char clock_gettime ();
| /* The GNU C library defines this for functions which it implements
|     to always fail with ENOSYS.  Some functions are actually named
|     something starting with __ and the normal name is an alias.  */
| #if defined __stub_clock_gettime || defined __stub___clock_gettime
| choke me
| #endif
| 
| int
| main ()
| {
| return clock_gettime ();
|   ;
|   return 0;
| }
configure:19635: result: no
configure:19635: checking for memset
configure:19635: c++ -o conftest -O3 -stdlib=libc++ -std=c++11 -Wall -Wno-uninitialized -D_DARWIN_C_SOURCE -D_REENTRANT -D_THREAD_SAFE  -DZMQ_FORCE_KQUEUE -stdlib=libc++ conftest.cpp -lpthread  >&5
configure:19635: $? = 0
configure:19635: result: yes
configure:19635: checking for socket
configure:19635: c++ -o conftest -O3 -stdlib=libc++ -std=c++11 -Wall -Wno-uninitialized -D_DARWIN_C_SOURCE -D_REENTRANT -D_THREAD_SAFE  -DZMQ_FORCE_KQUEUE -stdlib=libc++ conftest.cpp -lpthread  >&5
configure:19635: $? = 0
configure:19635: result: yes
configure:19635: checking for getifaddrs
configure:19635: c++ -o conftest -O3 -stdlib=libc++ -std=c++11 -Wall -Wno-uninitialized -D_DARWIN_C_SOURCE -D_REENTRANT -D_THREAD_SAFE  -DZMQ_FORCE_KQUEUE -stdlib=libc++ conftest.cpp -lpthread  >&5
configure:19635: $? = 0
configure:19635: result: yes
configure:19635: checking for freeifaddrs
configure:19635: c++ -o conftest -O3 -stdlib=libc++ -std=c++11 -Wall -Wno-uninitialized -D_DARWIN_C_SOURCE -D_REENTRANT -D_THREAD_SAFE  -DZMQ_FORCE_KQUEUE -stdlib=libc++ conftest.cpp -lpthread  >&5
configure:19635: $? = 0
configure:19635: result: yes
configure:19647: checking alloca.h usability
configure:19647: c++ -c -O3 -stdlib=libc++ -std=c++11 -Wall -Wno-uninitialized -D_DARWIN_C_SOURCE -D_REENTRANT -D_THREAD_SAFE  -DZMQ_FORCE_KQUEUE conftest.cpp >&5
configure:19647: $? = 0
configure:19647: result: yes
configure:19647: checking alloca.h presence
configure:19647: c++ -E -Wall -Wno-uninitialized -D_DARWIN_C_SOURCE -D_REENTRANT -D_THREAD_SAFE  -DZMQ_FORCE_KQUEUE conftest.cpp
configure:19647: $? = 0
configure:19647: result: yes
configure:19647: checking for alloca.h
configure:19647: result: yes
configure:19658: checking whether SOCK_CLOEXEC is supported
configure:19678: c++ -o conftest -O3 -stdlib=libc++ -std=c++11 -Wall -Wno-uninitialized -D_DARWIN_C_SOURCE -D_REENTRANT -D_THREAD_SAFE  -DZMQ_FORCE_KQUEUE -stdlib=libc++ conftest.cpp -lpthread  >&5
conftest.cpp:57:44: error: use of undeclared identifier 'SOCK_CLOEXEC'
    int s = socket (PF_INET, SOCK_STREAM | SOCK_CLOEXEC, 0);
                                           ^
1 error generated.
configure:19678: $? = 1
configure: program exited with status 1
configure: failed program was:
| /* confdefs.h */
| #define PACKAGE_NAME "zeromq"
| #define PACKAGE_TARNAME "zeromq"
| #define PACKAGE_VERSION "3.2.3"
| #define PACKAGE_STRING "zeromq 3.2.3"
| #define PACKAGE_BUGREPORT "zeromq-dev@lists.zeromq.org"
| #define PACKAGE_URL ""
| #define PACKAGE "zeromq"
| #define VERSION "3.2.3"
| #define STDC_HEADERS 1
| #define HAVE_SYS_TYPES_H 1
| #define HAVE_SYS_STAT_H 1
| #define HAVE_STDLIB_H 1
| #define HAVE_STRING_H 1
| #define HAVE_MEMORY_H 1
| #define HAVE_STRINGS_H 1
| #define HAVE_INTTYPES_H 1
| #define HAVE_STDINT_H 1
| #define HAVE_UNISTD_H 1
| #define HAVE_DLFCN_H 1
| #define LT_OBJDIR ".libs/"
| #define HAVE_LIBPTHREAD 1
| #define ZMQ_HAVE_OSX 1
| #define STDC_HEADERS 1
| #define HAVE_ERRNO_H 1
| #define HAVE_ARPA_INET_H 1
| #define HAVE_NETINET_TCP_H 1
| #define HAVE_NETINET_IN_H 1
| #define HAVE_STDDEF_H 1
| #define HAVE_STDLIB_H 1
| #define HAVE_STRING_H 1
| #define HAVE_SYS_SOCKET_H 1
| #define HAVE_SYS_TIME_H 1
| #define HAVE_TIME_H 1
| #define HAVE_UNISTD_H 1
| #define HAVE_LIMITS_H 1
| #define HAVE_IFADDRS_H 1
| #define ZMQ_HAVE_IFADDRS 1
| #define HAVE_SYS_UIO_H 1
| #define ZMQ_HAVE_UIO 1
| #define TIME_WITH_SYS_TIME 1
| #define RETSIGTYPE void
| #define HAVE_PERROR 1
| #define HAVE_GETTIMEOFDAY 1
| #define HAVE_MEMSET 1
| #define HAVE_SOCKET 1
| #define HAVE_GETIFADDRS 1
| #define HAVE_FREEIFADDRS 1
| #define HAVE_ALLOCA_H 1
| /* end confdefs.h.  */
| /* SOCK_CLOEXEC test */
| #include <sys/types.h>
| #include <sys/socket.h>
| 
| int main (int argc, char *argv [])
| {
|     int s = socket (PF_INET, SOCK_STREAM | SOCK_CLOEXEC, 0);
|     return (s == -1);
| }
| 
configure:19685: result: no
configure:19696: checking whether SO_KEEPALIVE is supported
configure:19719: c++ -o conftest -O3 -stdlib=libc++ -std=c++11 -Wall -Wno-uninitialized -D_DARWIN_C_SOURCE -D_REENTRANT -D_THREAD_SAFE  -DZMQ_FORCE_KQUEUE -stdlib=libc++ conftest.cpp -lpthread  >&5
configure:19719: $? = 0
configure:19719: ./conftest
configure:19719: $? = 0
configure:19720: result: yes
configure:19735: checking whether TCP_KEEPCNT is supported
configure:19761: c++ -o conftest -O3 -stdlib=libc++ -std=c++11 -Wall -Wno-uninitialized -D_DARWIN_C_SOURCE -D_REENTRANT -D_THREAD_SAFE  -DZMQ_FORCE_KQUEUE -stdlib=libc++ conftest.cpp -lpthread  >&5
conftest.cpp:64:44: error: use of undeclared identifier 'TCP_KEEPCNT'
        ((rc = setsockopt (s, IPPROTO_TCP, TCP_KEEPCNT, (char*) &opt, sizeof (int))) == -1)
                                           ^
1 error generated.
configure:19761: $? = 1
configure: program exited with status 1
configure: failed program was:
| /* confdefs.h */
| #define PACKAGE_NAME "zeromq"
| #define PACKAGE_TARNAME "zeromq"
| #define PACKAGE_VERSION "3.2.3"
| #define PACKAGE_STRING "zeromq 3.2.3"
| #define PACKAGE_BUGREPORT "zeromq-dev@lists.zeromq.org"
| #define PACKAGE_URL ""
| #define PACKAGE "zeromq"
| #define VERSION "3.2.3"
| #define STDC_HEADERS 1
| #define HAVE_SYS_TYPES_H 1
| #define HAVE_SYS_STAT_H 1
| #define HAVE_STDLIB_H 1
| #define HAVE_STRING_H 1
| #define HAVE_MEMORY_H 1
| #define HAVE_STRINGS_H 1
| #define HAVE_INTTYPES_H 1
| #define HAVE_STDINT_H 1
| #define HAVE_UNISTD_H 1
| #define HAVE_DLFCN_H 1
| #define LT_OBJDIR ".libs/"
| #define HAVE_LIBPTHREAD 1
| #define ZMQ_HAVE_OSX 1
| #define STDC_HEADERS 1
| #define HAVE_ERRNO_H 1
| #define HAVE_ARPA_INET_H 1
| #define HAVE_NETINET_TCP_H 1
| #define HAVE_NETINET_IN_H 1
| #define HAVE_STDDEF_H 1
| #define HAVE_STDLIB_H 1
| #define HAVE_STRING_H 1
| #define HAVE_SYS_SOCKET_H 1
| #define HAVE_SYS_TIME_H 1
| #define HAVE_TIME_H 1
| #define HAVE_UNISTD_H 1
| #define HAVE_LIMITS_H 1
| #define HAVE_IFADDRS_H 1
| #define ZMQ_HAVE_IFADDRS 1
| #define HAVE_SYS_UIO_H 1
| #define ZMQ_HAVE_UIO 1
| #define TIME_WITH_SYS_TIME 1
| #define RETSIGTYPE void
| #define HAVE_PERROR 1
| #define HAVE_GETTIMEOFDAY 1
| #define HAVE_MEMSET 1
| #define HAVE_SOCKET 1
| #define HAVE_GETIFADDRS 1
| #define HAVE_FREEIFADDRS 1
| #define HAVE_ALLOCA_H 1
| #define ZMQ_HAVE_SO_KEEPALIVE 1
| /* end confdefs.h.  */
| /* TCP_KEEPCNT test */
| #include <sys/types.h>
| #include <sys/socket.h>
| #include <netinet/in.h>
| #include <netinet/tcp.h>
| 
| int main (int argc, char *argv [])
| {
|     int s, rc, opt = 1;
|     return (
|         ((s = socket (PF_INET, SOCK_STREAM, 0)) == -1) ||
|         ((rc = setsockopt (s, SOL_SOCKET, SO_KEEPALIVE, (char*) &opt, sizeof (int))) == -1) ||
|         ((rc = setsockopt (s, IPPROTO_TCP, TCP_KEEPCNT, (char*) &opt, sizeof (int))) == -1)
|     );
| }
| 
configure:19768: result: no
configure:19777: checking whether TCP_KEEPIDLE is supported
configure:19803: c++ -o conftest -O3 -stdlib=libc++ -std=c++11 -Wall -Wno-uninitialized -D_DARWIN_C_SOURCE -D_REENTRANT -D_THREAD_SAFE  -DZMQ_FORCE_KQUEUE -stdlib=libc++ conftest.cpp -lpthread  >&5
conftest.cpp:64:44: error: use of undeclared identifier 'TCP_KEEPIDLE'
        ((rc = setsockopt (s, IPPROTO_TCP, TCP_KEEPIDLE, (char*) &opt, sizeof (int))) == -1)
                                           ^
1 error generated.
configure:19803: $? = 1
configure: program exited with status 1
configure: failed program was:
| /* confdefs.h */
| #define PACKAGE_NAME "zeromq"
| #define PACKAGE_TARNAME "zeromq"
| #define PACKAGE_VERSION "3.2.3"
| #define PACKAGE_STRING "zeromq 3.2.3"
| #define PACKAGE_BUGREPORT "zeromq-dev@lists.zeromq.org"
| #define PACKAGE_URL ""
| #define PACKAGE "zeromq"
| #define VERSION "3.2.3"
| #define STDC_HEADERS 1
| #define HAVE_SYS_TYPES_H 1
| #define HAVE_SYS_STAT_H 1
| #define HAVE_STDLIB_H 1
| #define HAVE_STRING_H 1
| #define HAVE_MEMORY_H 1
| #define HAVE_STRINGS_H 1
| #define HAVE_INTTYPES_H 1
| #define HAVE_STDINT_H 1
| #define HAVE_UNISTD_H 1
| #define HAVE_DLFCN_H 1
| #define LT_OBJDIR ".libs/"
| #define HAVE_LIBPTHREAD 1
| #define ZMQ_HAVE_OSX 1
| #define STDC_HEADERS 1
| #define HAVE_ERRNO_H 1
| #define HAVE_ARPA_INET_H 1
| #define HAVE_NETINET_TCP_H 1
| #define HAVE_NETINET_IN_H 1
| #define HAVE_STDDEF_H 1
| #define HAVE_STDLIB_H 1
| #define HAVE_STRING_H 1
| #define HAVE_SYS_SOCKET_H 1
| #define HAVE_SYS_TIME_H 1
| #define HAVE_TIME_H 1
| #define HAVE_UNISTD_H 1
| #define HAVE_LIMITS_H 1
| #define HAVE_IFADDRS_H 1
| #define ZMQ_HAVE_IFADDRS 1
| #define HAVE_SYS_UIO_H 1
| #define ZMQ_HAVE_UIO 1
| #define TIME_WITH_SYS_TIME 1
| #define RETSIGTYPE void
| #define HAVE_PERROR 1
| #define HAVE_GETTIMEOFDAY 1
| #define HAVE_MEMSET 1
| #define HAVE_SOCKET 1
| #define HAVE_GETIFADDRS 1
| #define HAVE_FREEIFADDRS 1
| #define HAVE_ALLOCA_H 1
| #define ZMQ_HAVE_SO_KEEPALIVE 1
| /* end confdefs.h.  */
| /* TCP_KEEPIDLE test */
| #include <sys/types.h>
| #include <sys/socket.h>
| #include <netinet/in.h>
| #include <netinet/tcp.h>
| 
| int main (int argc, char *argv [])
| {
|     int s, rc, opt = 1;
|     return (
|         ((s = socket (PF_INET, SOCK_STREAM, 0)) == -1) ||
|         ((rc = setsockopt (s, SOL_SOCKET, SO_KEEPALIVE, (char*) &opt, sizeof (int))) == -1) ||
|         ((rc = setsockopt (s, IPPROTO_TCP, TCP_KEEPIDLE, (char*) &opt, sizeof (int))) == -1)
|     );
| }
| 
configure:19810: result: no
configure:19819: checking whether TCP_KEEPINTVL is supported
configure:19845: c++ -o conftest -O3 -stdlib=libc++ -std=c++11 -Wall -Wno-uninitialized -D_DARWIN_C_SOURCE -D_REENTRANT -D_THREAD_SAFE  -DZMQ_FORCE_KQUEUE -stdlib=libc++ conftest.cpp -lpthread  >&5
conftest.cpp:64:44: error: use of undeclared identifier 'TCP_KEEPINTVL'
        ((rc = setsockopt (s, IPPROTO_TCP, TCP_KEEPINTVL, (char*) &opt, sizeof (int))) == -1)
                                           ^
1 error generated.
configure:19845: $? = 1
configure: program exited with status 1
configure: failed program was:
| /* confdefs.h */
| #define PACKAGE_NAME "zeromq"
| #define PACKAGE_TARNAME "zeromq"
| #define PACKAGE_VERSION "3.2.3"
| #define PACKAGE_STRING "zeromq 3.2.3"
| #define PACKAGE_BUGREPORT "zeromq-dev@lists.zeromq.org"
| #define PACKAGE_URL ""
| #define PACKAGE "zeromq"
| #define VERSION "3.2.3"
| #define STDC_HEADERS 1
| #define HAVE_SYS_TYPES_H 1
| #define HAVE_SYS_STAT_H 1
| #define HAVE_STDLIB_H 1
| #define HAVE_STRING_H 1
| #define HAVE_MEMORY_H 1
| #define HAVE_STRINGS_H 1
| #define HAVE_INTTYPES_H 1
| #define HAVE_STDINT_H 1
| #define HAVE_UNISTD_H 1
| #define HAVE_DLFCN_H 1
| #define LT_OBJDIR ".libs/"
| #define HAVE_LIBPTHREAD 1
| #define ZMQ_HAVE_OSX 1
| #define STDC_HEADERS 1
| #define HAVE_ERRNO_H 1
| #define HAVE_ARPA_INET_H 1
| #define HAVE_NETINET_TCP_H 1
| #define HAVE_NETINET_IN_H 1
| #define HAVE_STDDEF_H 1
| #define HAVE_STDLIB_H 1
| #define HAVE_STRING_H 1
| #define HAVE_SYS_SOCKET_H 1
| #define HAVE_SYS_TIME_H 1
| #define HAVE_TIME_H 1
| #define HAVE_UNISTD_H 1
| #define HAVE_LIMITS_H 1
| #define HAVE_IFADDRS_H 1
| #define ZMQ_HAVE_IFADDRS 1
| #define HAVE_SYS_UIO_H 1
| #define ZMQ_HAVE_UIO 1
| #define TIME_WITH_SYS_TIME 1
| #define RETSIGTYPE void
| #define HAVE_PERROR 1
| #define HAVE_GETTIMEOFDAY 1
| #define HAVE_MEMSET 1
| #define HAVE_SOCKET 1
| #define HAVE_GETIFADDRS 1
| #define HAVE_FREEIFADDRS 1
| #define HAVE_ALLOCA_H 1
| #define ZMQ_HAVE_SO_KEEPALIVE 1
| /* end confdefs.h.  */
| /* TCP_KEEPINTVL test */
| #include <sys/types.h>
| #include <sys/socket.h>
| #include <netinet/in.h>
| #include <netinet/tcp.h>
| 
| int main (int argc, char *argv [])
| {
|     int s, rc, opt = 1;
|     return (
|         ((s = socket (PF_INET, SOCK_STREAM, 0)) == -1) ||
|         ((rc = setsockopt (s, SOL_SOCKET, SO_KEEPALIVE, (char*) &opt, sizeof (int))) == -1) ||
|         ((rc = setsockopt (s, IPPROTO_TCP, TCP_KEEPINTVL, (char*) &opt, sizeof (int))) == -1)
|     );
| }
| 
configure:19852: result: no
configure:19861: checking whether TCP_KEEPALIVE is supported
configure:19887: c++ -o conftest -O3 -stdlib=libc++ -std=c++11 -Wall -Wno-uninitialized -D_DARWIN_C_SOURCE -D_REENTRANT -D_THREAD_SAFE  -DZMQ_FORCE_KQUEUE -stdlib=libc++ conftest.cpp -lpthread  >&5
configure:19887: $? = 0
configure:19887: ./conftest
configure:19887: $? = 0
configure:19888: result: yes
configure:20066: creating ./config.status

## ---------------- ##
## Cache variables. ##
## ---------------- ##

ac_cv_build=x86_64-apple-darwin12.4.0
ac_cv_c_compiler_gnu=yes
ac_cv_c_const=yes
ac_cv_c_inline=inline
ac_cv_c_uint32_t=yes
ac_cv_c_volatile=yes
ac_cv_cxx_compiler_gnu=yes
ac_cv_env_ASCIIDOC_set=
ac_cv_env_ASCIIDOC_value=
ac_cv_env_CCC_set=
ac_cv_env_CCC_value=
ac_cv_env_CC_set=set
ac_cv_env_CC_value=clang
ac_cv_env_CFLAGS_set=
ac_cv_env_CFLAGS_value=
ac_cv_env_CPPFLAGS_set=
ac_cv_env_CPPFLAGS_value=
ac_cv_env_CPP_set=
ac_cv_env_CPP_value=
ac_cv_env_CXXCPP_set=
ac_cv_env_CXXCPP_value=
ac_cv_env_CXXFLAGS_set=set
ac_cv_env_CXXFLAGS_value='-O3 -stdlib=libc++ -std=c++11'
ac_cv_env_CXX_set=set
ac_cv_env_CXX_value=c++
ac_cv_env_LDFLAGS_set=set
ac_cv_env_LDFLAGS_value=-stdlib=libc++
ac_cv_env_LIBS_set=
ac_cv_env_LIBS_value=
ac_cv_env_OpenPGM_CFLAGS_set=
ac_cv_env_OpenPGM_CFLAGS_value=
ac_cv_env_OpenPGM_LIBS_set=
ac_cv_env_OpenPGM_LIBS_value=
ac_cv_env_PKG_CONFIG_LIBDIR_set=
ac_cv_env_PKG_CONFIG_LIBDIR_value=
ac_cv_env_PKG_CONFIG_PATH_set=
ac_cv_env_PKG_CONFIG_PATH_value=
ac_cv_env_PKG_CONFIG_set=
ac_cv_env_PKG_CONFIG_value=
ac_cv_env_XMLTO_set=
ac_cv_env_XMLTO_value=
ac_cv_env_build_alias_set=
ac_cv_env_build_alias_value=
ac_cv_env_host_alias_set=
ac_cv_env_host_alias_value=
ac_cv_env_target_alias_set=
ac_cv_env_target_alias_value=
ac_cv_func_clock_gettime=no
ac_cv_func_freeifaddrs=yes
ac_cv_func_getifaddrs=yes
ac_cv_func_gettimeofday=yes
ac_cv_func_memset=yes
ac_cv_func_perror=yes
ac_cv_func_socket=yes
ac_cv_header_alloca_h=yes
ac_cv_header_arpa_inet_h=yes
ac_cv_header_dlfcn_h=yes
ac_cv_header_errno_h=yes
ac_cv_header_ifaddrs_h=yes
ac_cv_header_inttypes_h=yes
ac_cv_header_limits_h=yes
ac_cv_header_memory_h=yes
ac_cv_header_netinet_in_h=yes
ac_cv_header_netinet_tcp_h=yes
ac_cv_header_stdbool_h=no
ac_cv_header_stdc=yes
ac_cv_header_stddef_h=yes
ac_cv_header_stdint_h=yes
ac_cv_header_stdlib_h=yes
ac_cv_header_string_h=yes
ac_cv_header_strings_h=yes
ac_cv_header_sys_eventfd_h=no
ac_cv_header_sys_socket_h=yes
ac_cv_header_sys_stat_h=yes
ac_cv_header_sys_time_h=yes
ac_cv_header_sys_types_h=yes
ac_cv_header_sys_uio_h=yes
ac_cv_header_time=yes
ac_cv_header_time_h=yes
ac_cv_header_unistd_h=yes
ac_cv_host=x86_64-apple-darwin12.4.0
ac_cv_lib_pthread_pthread_create=yes
ac_cv_lib_rt_clock_gettime=no
ac_cv_objext=o
ac_cv_path_EGREP='/usr/bin/grep -E'
ac_cv_path_FGREP='/usr/bin/grep -F'
ac_cv_path_GREP=/usr/bin/grep
ac_cv_path_SED=/usr/bin/sed
ac_cv_path_install='/usr/bin/install -c'
ac_cv_prog_AWK=awk
ac_cv_prog_CPP='clang -E'
ac_cv_prog_CXXCPP='c++ -E'
ac_cv_prog_ac_ct_AR=ar
ac_cv_prog_ac_ct_CC=clang
ac_cv_prog_ac_ct_DLLTOOL=dlltool
ac_cv_prog_ac_ct_DSYMUTIL=dsymutil
ac_cv_prog_ac_ct_LIPO=lipo
ac_cv_prog_ac_ct_NMEDIT=nmedit
ac_cv_prog_ac_ct_OBJDUMP=objdump
ac_cv_prog_ac_ct_OTOOL=otool
ac_cv_prog_ac_ct_RANLIB=ranlib
ac_cv_prog_ac_ct_STRIP=strip
ac_cv_prog_cc_c89=
ac_cv_prog_cc_c99=
ac_cv_prog_cc_clang_c_o=yes
ac_cv_prog_cc_g=yes
ac_cv_prog_cxx_g=yes
ac_cv_prog_libzmq_have_asciidoc=no
ac_cv_prog_libzmq_have_xmlto=no
ac_cv_prog_make_make_set=yes
ac_cv_type__Bool=no
ac_cv_type_signal=void
ac_cv_type_size_t=yes
ac_cv_type_ssize_t=yes
am_cv_CC_dependencies_compiler_type=gcc3
am_cv_CXX_dependencies_compiler_type=gcc3
am_cv_make_support_nested_variables=yes
am_cv_prog_tar_ustar=gnutar
libzmq_cv_c_clang_compiler=yes
libzmq_cv_c_compiler_works=yes
libzmq_cv_c_gcc4_compiler=yes
libzmq_cv_c_intel_compiler=no
libzmq_cv_c_sun_studio_compiler=no
libzmq_cv_check_lang_flag_save_CPPFLAGS='-Wno-uninitialized -D_DARWIN_C_SOURCE -D_REENTRANT -D_THREAD_SAFE '
libzmq_cv_cxx_clang_compiler=yes
libzmq_cv_cxx_compiler_works=yes
libzmq_cv_cxx_gcc4_compiler=yes
libzmq_cv_cxx_intel_compiler=no
libzmq_cv_cxx_sun_studio_compiler=no
libzmq_cv_cxx_supports_flag__Wno_uninitialized=yes
libzmq_cv_cxx_supports_flag__fvisibility_hidden=yes
libzmq_cv_cxx_visibility_flag=-fvisibility=hidden
libzmq_cv_cxx_wall_flag=-Wall
libzmq_cv_cxx_werror_flag_save=
libzmq_cv_have_poller_kqueue=yes
libzmq_cv_poller=kqueue
libzmq_cv_poller_flag=ZMQ_FORCE_KQUEUE
libzmq_cv_so_keepalive=yes
libzmq_cv_sock_cloexec=no
libzmq_cv_tcp_keepalive=yes
libzmq_cv_tcp_keepcnt=no
libzmq_cv_tcp_keepidle=no
libzmq_cv_tcp_keepintvl=no
lt_cv_apple_cc_single_mod=yes
lt_cv_ar_at_file=no
lt_cv_deplibs_check_method=pass_all
lt_cv_file_magic_cmd='$MAGIC_CMD'
lt_cv_file_magic_test_file=
lt_cv_ld_exported_symbols_list=yes
lt_cv_ld_force_load=yes
lt_cv_ld_reload_flag=-r
lt_cv_nm_interface='BSD nm'
lt_cv_objdir=.libs
lt_cv_path_LD=/usr/bin/ld
lt_cv_path_LDCXX=/usr/bin/ld
lt_cv_path_NM=/usr/bin/nm
lt_cv_path_mainfest_tool=no
lt_cv_prog_compiler_c_o=yes
lt_cv_prog_compiler_c_o_CXX=yes
lt_cv_prog_compiler_pic='-fno-common -DPIC'
lt_cv_prog_compiler_pic_CXX='-fno-common -DPIC'
lt_cv_prog_compiler_pic_works=yes
lt_cv_prog_compiler_pic_works_CXX=yes
lt_cv_prog_compiler_rtti_exceptions=yes
lt_cv_prog_compiler_static_works=no
lt_cv_prog_compiler_static_works_CXX=no
lt_cv_prog_gnu_ld=no
lt_cv_prog_gnu_ldcxx=no
lt_cv_sharedlib_from_linklib_cmd='printf %s\n'
lt_cv_sys_global_symbol_pipe='sed -n -e '\''s/^.*[	 ]\([BCDEGRST][BCDEGRST]*\)[	 ][	 ]*_\([_A-Za-z][_A-Za-z0-9]*\)$/\1 _\2 \2/p'\'' | sed '\''/ __gnu_lto/d'\'''
lt_cv_sys_global_symbol_to_c_name_address='sed -n -e '\''s/^: \([^ ]*\)[ ]*$/  {\"\1\", (void *) 0},/p'\'' -e '\''s/^[BCDEGRST]* \([^ ]*\) \([^ ]*\)$/  {"\2", (void *) \&\2},/p'\'''
lt_cv_sys_global_symbol_to_c_name_address_lib_prefix='sed -n -e '\''s/^: \([^ ]*\)[ ]*$/  {\"\1\", (void *) 0},/p'\'' -e '\''s/^[BCDEGRST]* \([^ ]*\) \(lib[^ ]*\)$/  {"\2", (void *) \&\2},/p'\'' -e '\''s/^[BCDEGRST]* \([^ ]*\) \([^ ]*\)$/  {"lib\2", (void *) \&\2},/p'\'''
lt_cv_sys_global_symbol_to_cdecl='sed -n -e '\''s/^T .* \(.*\)$/extern int \1();/p'\'' -e '\''s/^[BCDEGRST]* .* \(.*\)$/extern char \1;/p'\'''
lt_cv_sys_max_cmd_len=196608
lt_cv_to_host_file_cmd=func_convert_file_noop
lt_cv_to_tool_file_cmd=func_convert_file_noop

## ----------------- ##
## Output variables. ##
## ----------------- ##

ACLOCAL='${SHELL} /Users/chris/src/compounds/third_party/zeromq/config/missing --run aclocal-1.11'
AMDEPBACKSLASH='\'
AMDEP_FALSE='#'
AMDEP_TRUE=''
AMTAR='$${TAR-tar}'
AM_BACKSLASH='\'
AM_DEFAULT_V='$(AM_DEFAULT_VERBOSITY)'
AM_DEFAULT_VERBOSITY='0'
AM_V='$(V)'
AR='ar'
AS='as'
ASCIIDOC=''
AUTOCONF='${SHELL} /Users/chris/src/compounds/third_party/zeromq/config/missing --run autoconf'
AUTOHEADER='${SHELL} /Users/chris/src/compounds/third_party/zeromq/config/missing --run autoheader'
AUTOMAKE='${SHELL} /Users/chris/src/compounds/third_party/zeromq/config/missing --run automake-1.11'
AWK='awk'
BUILD_DOC_FALSE=''
BUILD_DOC_TRUE='#'
BUILD_PGM_FALSE=''
BUILD_PGM_TRUE='#'
CC='clang'
CCDEPMODE='depmode=gcc3'
CFLAGS='-g -O2'
CPP='clang -E'
CPPFLAGS='-Wall -Wno-uninitialized -D_DARWIN_C_SOURCE -D_REENTRANT -D_THREAD_SAFE  -DZMQ_FORCE_KQUEUE'
CXX='c++'
CXXCPP='c++ -E'
CXXDEPMODE='depmode=gcc3'
CXXFLAGS='-O3 -stdlib=libc++ -std=c++11'
CYGPATH_W='echo'
DEFS='-DHAVE_CONFIG_H'
DEPDIR='.deps'
DLLTOOL='dlltool'
DSYMUTIL='dsymutil'
DUMPBIN=''
ECHO_C='\c'
ECHO_N=''
ECHO_T=''
EGREP='/usr/bin/grep -E'
EXEEXT=''
FGREP='/usr/bin/grep -F'
GREP='/usr/bin/grep'
INSTALL_DATA='${INSTALL} -m 644'
INSTALL_MAN_FALSE='#'
INSTALL_MAN_TRUE=''
INSTALL_PROGRAM='${INSTALL}'
INSTALL_SCRIPT='${INSTALL}'
INSTALL_STRIP_PROGRAM='$(install_sh) -c -s'
LD='/usr/bin/ld'
LDFLAGS='-stdlib=libc++'
LIBOBJS=''
LIBS='-lpthread '
LIBTOOL='$(SHELL) $(top_builddir)/libtool'
LIBZMQ_EXTRA_CFLAGS=''
LIBZMQ_EXTRA_CXXFLAGS='-fvisibility=hidden '
LIBZMQ_EXTRA_LDFLAGS=''
LIPO='lipo'
LN_S='ln -s'
LTLIBOBJS=''
LTVER='3:0:0'
MAKEINFO='${SHELL} /Users/chris/src/compounds/third_party/zeromq/config/missing --run makeinfo'
MANIFEST_TOOL=':'
MKDIR_P='config/install-sh -c -d'
NM='/usr/bin/nm'
NMEDIT='nmedit'
OBJDUMP='objdump'
OBJEXT='o'
ON_ANDROID_FALSE=''
ON_ANDROID_TRUE='#'
ON_MINGW_FALSE=''
ON_MINGW_TRUE='#'
OTOOL64=':'
OTOOL='otool'
OpenPGM_CFLAGS=''
OpenPGM_LIBS=''
PACKAGE='zeromq'
PACKAGE_BUGREPORT='zeromq-dev@lists.zeromq.org'
PACKAGE_NAME='zeromq'
PACKAGE_STRING='zeromq 3.2.3'
PACKAGE_TARNAME='zeromq'
PACKAGE_URL=''
PACKAGE_VERSION='3.2.3'
PATH_SEPARATOR=':'
PKG_CONFIG=''
PKG_CONFIG_LIBDIR=''
PKG_CONFIG_PATH=''
RANLIB='ranlib'
SED='/usr/bin/sed'
SET_MAKE=''
SHELL='/bin/sh'
STRIP='strip'
VERSION='3.2.3'
XMLTO=''
ac_ct_AR='ar'
ac_ct_CC='clang'
ac_ct_CXX=''
ac_ct_DUMPBIN=''
am__EXEEXT_FALSE=''
am__EXEEXT_TRUE='#'
am__fastdepCC_FALSE='#'
am__fastdepCC_TRUE=''
am__fastdepCXX_FALSE='#'
am__fastdepCXX_TRUE=''
am__include='include'
am__isrc=''
am__leading_dot='.'
am__nodep='_no'
am__quote=''
am__tar='tar --format=ustar -chf - "$$tardir"'
am__untar='tar -xf -'
bindir='${exec_prefix}/bin'
build='x86_64-apple-darwin12.4.0'
build_alias=''
build_cpu='x86_64'
build_os='darwin12.4.0'
build_vendor='apple'
datadir='${datarootdir}'
datarootdir='${prefix}/share'
docdir='${datarootdir}/doc/${PACKAGE_TARNAME}'
dvidir='${docdir}'
exec_prefix='${prefix}'
host='x86_64-apple-darwin12.4.0'
host_alias=''
host_cpu='x86_64'
host_os='darwin12.4.0'
host_vendor='apple'
htmldir='${docdir}'
includedir='${prefix}/include'
infodir='${datarootdir}/info'
install_sh='${SHELL} /Users/chris/src/compounds/third_party/zeromq/config/install-sh'
libdir='${exec_prefix}/lib'
libexecdir='${exec_prefix}/libexec'
libzmq_have_asciidoc='no'
libzmq_have_xmlto='no'
localedir='${datarootdir}/locale'
localstatedir='${prefix}/var'
mandir='${datarootdir}/man'
mkdir_p='$(top_builddir)/config/install-sh -c -d'
oldincludedir='/usr/include'
pdfdir='${docdir}'
pgm_basename='libpgm-5.1.118~dfsg'
pgm_srcdir=''
pgm_subdir=''
prefix='/'
program_transform_name='s,x,x,'
psdir='${docdir}'
sbindir='${exec_prefix}/sbin'
sharedstatedir='${prefix}/com'
subdirs=''
sysconfdir='${prefix}/etc'
target_alias=''

## ----------- ##
## confdefs.h. ##
## ----------- ##

/* confdefs.h */
#define PACKAGE_NAME "zeromq"
#define PACKAGE_TARNAME "zeromq"
#define PACKAGE_VERSION "3.2.3"
#define PACKAGE_STRING "zeromq 3.2.3"
#define PACKAGE_BUGREPORT "zeromq-dev@lists.zeromq.org"
#define PACKAGE_URL ""
#define PACKAGE "zeromq"
#define VERSION "3.2.3"
#define STDC_HEADERS 1
#define HAVE_SYS_TYPES_H 1
#define HAVE_SYS_STAT_H 1
#define HAVE_STDLIB_H 1
#define HAVE_STRING_H 1
#define HAVE_MEMORY_H 1
#define HAVE_STRINGS_H 1
#define HAVE_INTTYPES_H 1
#define HAVE_STDINT_H 1
#define HAVE_UNISTD_H 1
#define HAVE_DLFCN_H 1
#define LT_OBJDIR ".libs/"
#define HAVE_LIBPTHREAD 1
#define ZMQ_HAVE_OSX 1
#define STDC_HEADERS 1
#define HAVE_ERRNO_H 1
#define HAVE_ARPA_INET_H 1
#define HAVE_NETINET_TCP_H 1
#define HAVE_NETINET_IN_H 1
#define HAVE_STDDEF_H 1
#define HAVE_STDLIB_H 1
#define HAVE_STRING_H 1
#define HAVE_SYS_SOCKET_H 1
#define HAVE_SYS_TIME_H 1
#define HAVE_TIME_H 1
#define HAVE_UNISTD_H 1
#define HAVE_LIMITS_H 1
#define HAVE_IFADDRS_H 1
#define ZMQ_HAVE_IFADDRS 1
#define HAVE_SYS_UIO_H 1
#define ZMQ_HAVE_UIO 1
#define TIME_WITH_SYS_TIME 1
#define RETSIGTYPE void
#define HAVE_PERROR 1
#define HAVE_GETTIMEOFDAY 1
#define HAVE_MEMSET 1
#define HAVE_SOCKET 1
#define HAVE_GETIFADDRS 1
#define HAVE_FREEIFADDRS 1
#define HAVE_ALLOCA_H 1
#define ZMQ_HAVE_SO_KEEPALIVE 1
#define ZMQ_HAVE_TCP_KEEPALIVE 1

configure: exit 0

## ---------------------- ##
## Running config.status. ##
## ---------------------- ##

This file was extended by zeromq config.status 3.2.3, which was
generated by GNU Autoconf 2.69.  Invocation command line was

  CONFIG_FILES    = 
  CONFIG_HEADERS  = 
  CONFIG_LINKS    = 
  CONFIG_COMMANDS = 
  $ ./config.status 

on Christophers-MacBook-Pro.local

config.status:1207: creating Makefile
config.status:1207: creating src/Makefile
config.status:1207: creating doc/Makefile
config.status:1207: creating perf/Makefile
config.status:1207: creating src/libzmq.pc
config.status:1207: creating builds/msvc/Makefile
config.status:1207: creating tests/Makefile
config.status:1207: creating foreign/openpgm/Makefile
config.status:1207: creating builds/redhat/zeromq.spec
config.status:1207: creating src/platform.hpp
config.status:1388: src/platform.hpp is unchanged
config.status:1436: executing depfiles commands
config.status:1436: executing libtool commands

## ---------------------- ##
## Running config.status. ##
## ---------------------- ##

This file was extended by zeromq config.status 3.2.3, which was
generated by GNU Autoconf 2.69.  Invocation command line was

  CONFIG_FILES    = 
  CONFIG_HEADERS  = 
  CONFIG_LINKS    = 
  CONFIG_COMMANDS = 
  $ ./config.status src/platform.hpp

on Christophers-MacBook-Pro.local

config.status:1207: creating src/platform.hpp
config.status:1388: src/platform.hpp is unchanged
